2016-03-04 16:22:58,794 INFO [org.jasig.cas.CasEnvironmentContextListener] - 
******************** Welcome to CAS ********************
CAS Version: 4.1.5
Java Home: /Library/Java/JavaVirtualMachines/jdk1.8.0_65.jdk/Contents/Home/jre
Java Vendor: Oracle Corporation
Java Version: 1.8.0_65
OS Architecture: x86_64
OS Name: Mac OS X
OS Version: 10.11.3
*******************************************************

2016-03-04 16:23:03,068 INFO [org.jasig.cas.services.DefaultServicesManagerImpl] - Loaded 3 services.
2016-03-04 16:23:03,890 INFO [org.jasig.cas.util.AutowiringSchedulerFactoryBean] - Starting Quartz Scheduler now
2016-03-04 16:23:03,895 INFO [org.jasig.cas.CasEnvironmentContextListener] - [Apache Tomcat/8.0.30] has loaded the CAS application context
2016-03-04 16:23:06,734 INFO [org.jasig.cas.web.flow.InitialFlowSetupAction] - Setting path for cookies for warn cookie generator to: /cas/ 
2016-03-04 16:23:06,734 INFO [org.jasig.cas.web.flow.InitialFlowSetupAction] - Setting path for cookies for warn cookie generator to: /cas/ 
2016-03-04 16:23:06,735 INFO [org.jasig.cas.web.flow.InitialFlowSetupAction] - Setting path for cookies for TGC cookie generator to: /cas/ 
2016-03-04 16:23:06,735 INFO [org.jasig.cas.web.flow.InitialFlowSetupAction] - Setting path for cookies for TGC cookie generator to: /cas/ 
2016-03-04 16:23:06,757 WARN [org.jasig.cas.web.flow.ServiceAuthorizationCheck] - Service Management: Unauthorized Service Access. Service [http://www.client.com/] is not found in service registry.
2016-03-04 16:23:06,757 WARN [org.jasig.cas.web.flow.ServiceAuthorizationCheck] - Service Management: Unauthorized Service Access. Service [http://www.client.com/] is not found in service registry.
2016-03-04 16:23:11,458 WARN [org.jasig.cas.web.flow.ServiceAuthorizationCheck] - Service Management: Unauthorized Service Access. Service [http://www.client.com/] is not found in service registry.
2016-03-04 16:23:11,458 WARN [org.jasig.cas.web.flow.ServiceAuthorizationCheck] - Service Management: Unauthorized Service Access. Service [http://www.client.com/] is not found in service registry.
2016-03-04 16:23:23,263 INFO [org.jasig.cas.ticket.registry.support.DefaultTicketRegistryCleaner] - Beginning ticket cleanup.
2016-03-04 16:23:23,268 INFO [org.jasig.cas.ticket.registry.support.DefaultTicketRegistryCleaner] - 0 expired tickets found to be removed.
2016-03-04 16:23:23,269 INFO [org.jasig.cas.ticket.registry.support.DefaultTicketRegistryCleaner] - Finished ticket cleanup.
2016-03-04 16:23:45,164 INFO [org.jasig.cas.authentication.PolicyBasedAuthenticationManager] - AcceptUsersAuthenticationHandler successfully authenticated mayongtao
2016-03-04 16:23:45,168 INFO [org.jasig.cas.authentication.PolicyBasedAuthenticationManager] - Authenticated mayongtao with credentials [mayongtao].
2016-03-04 16:23:45,171 INFO [org.jasig.inspektr.audit.support.Slf4jLoggingAuditTrailManager] - Audit trail record BEGIN
=============================================================
WHO: mayongtao
WHAT: supplied credentials: [mayongtao]
ACTION: AUTHENTICATION_SUCCESS
APPLICATION: CAS
WHEN: Fri Mar 04 16:23:45 CST 2016
CLIENT IP ADDRESS: 0:0:0:0:0:0:0:1
SERVER IP ADDRESS: 0:0:0:0:0:0:0:1
=============================================================


2016-03-04 16:23:45,171 INFO [org.jasig.inspektr.audit.support.Slf4jLoggingAuditTrailManager] - Audit trail record BEGIN
=============================================================
WHO: mayongtao
WHAT: supplied credentials: [mayongtao]
ACTION: AUTHENTICATION_SUCCESS
APPLICATION: CAS
WHEN: Fri Mar 04 16:23:45 CST 2016
CLIENT IP ADDRESS: 0:0:0:0:0:0:0:1
SERVER IP ADDRESS: 0:0:0:0:0:0:0:1
=============================================================


2016-03-04 16:23:45,174 INFO [org.jasig.inspektr.audit.support.Slf4jLoggingAuditTrailManager] - Audit trail record BEGIN
=============================================================
WHO: mayongtao
WHAT: TGT-**********************************************3fixUSCwIh-cas01.example.org
ACTION: TICKET_GRANTING_TICKET_CREATED
APPLICATION: CAS
WHEN: Fri Mar 04 16:23:45 CST 2016
CLIENT IP ADDRESS: 0:0:0:0:0:0:0:1
SERVER IP ADDRESS: 0:0:0:0:0:0:0:1
=============================================================


2016-03-04 16:23:45,174 INFO [org.jasig.inspektr.audit.support.Slf4jLoggingAuditTrailManager] - Audit trail record BEGIN
=============================================================
WHO: mayongtao
WHAT: TGT-**********************************************3fixUSCwIh-cas01.example.org
ACTION: TICKET_GRANTING_TICKET_CREATED
APPLICATION: CAS
WHEN: Fri Mar 04 16:23:45 CST 2016
CLIENT IP ADDRESS: 0:0:0:0:0:0:0:1
SERVER IP ADDRESS: 0:0:0:0:0:0:0:1
=============================================================


2016-03-04 16:23:45,327 INFO [org.jasig.cas.CentralAuthenticationServiceImpl] - Granted ticket [ST-1-VDfi1swZardJ9vhOODPH-cas01.example.org] for service [http://www.apereo.org] for user [mayongtao]
2016-03-04 16:23:45,329 INFO [org.jasig.inspektr.audit.support.Slf4jLoggingAuditTrailManager] - Audit trail record BEGIN
=============================================================
WHO: mayongtao
WHAT: ST-1-VDfi1swZardJ9vhOODPH-cas01.example.org for http://www.apereo.org
ACTION: SERVICE_TICKET_CREATED
APPLICATION: CAS
WHEN: Fri Mar 04 16:23:45 CST 2016
CLIENT IP ADDRESS: 0:0:0:0:0:0:0:1
SERVER IP ADDRESS: 0:0:0:0:0:0:0:1
=============================================================


2016-03-04 16:23:45,329 INFO [org.jasig.inspektr.audit.support.Slf4jLoggingAuditTrailManager] - Audit trail record BEGIN
=============================================================
WHO: mayongtao
WHAT: ST-1-VDfi1swZardJ9vhOODPH-cas01.example.org for http://www.apereo.org
ACTION: SERVICE_TICKET_CREATED
APPLICATION: CAS
WHEN: Fri Mar 04 16:23:45 CST 2016
CLIENT IP ADDRESS: 0:0:0:0:0:0:0:1
SERVER IP ADDRESS: 0:0:0:0:0:0:0:1
=============================================================


2016-03-04 16:23:45,371 WARN [org.jasig.cas.CentralAuthenticationServiceImpl] - ServiceManagement: Unauthorized Service Access. Service [http://www.client.com/] is not found in service registry.
2016-03-04 16:23:45,372 INFO [org.jasig.inspektr.audit.support.Slf4jLoggingAuditTrailManager] - Audit trail record BEGIN
=============================================================
WHO: mayongtao
WHAT: ST-1-VDfi1swZardJ9vhOODPH-cas01.example.org
ACTION: SERVICE_TICKET_VALIDATE_FAILED
APPLICATION: CAS
WHEN: Fri Mar 04 16:23:45 CST 2016
CLIENT IP ADDRESS: 0:0:0:0:0:0:0:1
SERVER IP ADDRESS: 0:0:0:0:0:0:0:1
=============================================================


2016-03-04 16:23:45,372 INFO [org.jasig.inspektr.audit.support.Slf4jLoggingAuditTrailManager] - Audit trail record BEGIN
=============================================================
WHO: mayongtao
WHAT: ST-1-VDfi1swZardJ9vhOODPH-cas01.example.org
ACTION: SERVICE_TICKET_VALIDATE_FAILED
APPLICATION: CAS
WHEN: Fri Mar 04 16:23:45 CST 2016
CLIENT IP ADDRESS: 0:0:0:0:0:0:0:1
SERVER IP ADDRESS: 0:0:0:0:0:0:0:1
=============================================================


2016-03-04 16:23:46,401 WARN [org.jasig.cas.web.flow.ServiceAuthorizationCheck] - Service Management: Unauthorized Service Access. Service [http://www.client.com/favicon.ico] is not found in service registry.
2016-03-04 16:23:46,401 WARN [org.jasig.cas.web.flow.ServiceAuthorizationCheck] - Service Management: Unauthorized Service Access. Service [http://www.client.com/favicon.ico] is not found in service registry.
2016-03-04 16:24:10,695 WARN [org.jasig.cas.web.flow.ServiceAuthorizationCheck] - Service Management: Unauthorized Service Access. Service [http://www.client.com/] is not found in service registry.
2016-03-04 16:24:10,695 WARN [org.jasig.cas.web.flow.ServiceAuthorizationCheck] - Service Management: Unauthorized Service Access. Service [http://www.client.com/] is not found in service registry.
2016-03-04 16:25:03,278 INFO [org.jasig.cas.services.DefaultServicesManagerImpl] - Reloading registered services.
2016-03-04 16:25:03,293 INFO [org.jasig.cas.services.DefaultServicesManagerImpl] - Loaded 3 services.
2016-03-04 16:25:59,397 WARN [org.jasig.cas.web.flow.ServiceAuthorizationCheck] - Service Management: Unauthorized Service Access. Service [http://www.client.com/] is not found in service registry.
2016-03-04 16:25:59,397 WARN [org.jasig.cas.web.flow.ServiceAuthorizationCheck] - Service Management: Unauthorized Service Access. Service [http://www.client.com/] is not found in service registry.
2016-03-04 16:26:37,484 WARN [org.jasig.cas.web.flow.ServiceAuthorizationCheck] - Service Management: Unauthorized Service Access. Service [http://www.client.com/] is not found in service registry.
2016-03-04 16:26:37,484 WARN [org.jasig.cas.web.flow.ServiceAuthorizationCheck] - Service Management: Unauthorized Service Access. Service [http://www.client.com/] is not found in service registry.
2016-03-04 16:27:03,276 INFO [org.jasig.cas.services.DefaultServicesManagerImpl] - Reloading registered services.
2016-03-04 16:27:03,283 INFO [org.jasig.cas.services.DefaultServicesManagerImpl] - Loaded 3 services.
2016-03-04 16:27:17,422 WARN [org.jasig.cas.web.flow.ServiceAuthorizationCheck] - Service Management: Unauthorized Service Access. Service [http://www.client.com/] is not found in service registry.
2016-03-04 16:27:17,422 WARN [org.jasig.cas.web.flow.ServiceAuthorizationCheck] - Service Management: Unauthorized Service Access. Service [http://www.client.com/] is not found in service registry.
2016-03-04 16:27:22,460 WARN [org.jasig.cas.web.flow.ServiceAuthorizationCheck] - Service Management: Unauthorized Service Access. Service [http://www.client.com/] is not found in service registry.
2016-03-04 16:27:22,460 WARN [org.jasig.cas.web.flow.ServiceAuthorizationCheck] - Service Management: Unauthorized Service Access. Service [http://www.client.com/] is not found in service registry.
2016-03-04 16:27:46,834 WARN [org.jasig.cas.web.flow.ServiceAuthorizationCheck] - Service Management: Unauthorized Service Access. Service [http://www.client.com/] is not found in service registry.
2016-03-04 16:27:46,834 WARN [org.jasig.cas.web.flow.ServiceAuthorizationCheck] - Service Management: Unauthorized Service Access. Service [http://www.client.com/] is not found in service registry.
2016-03-04 16:27:55,849 WARN [org.jasig.cas.web.flow.ServiceAuthorizationCheck] - Service Management: Unauthorized Service Access. Service [http://www.client.com/] is not found in service registry.
2016-03-04 16:27:55,849 WARN [org.jasig.cas.web.flow.ServiceAuthorizationCheck] - Service Management: Unauthorized Service Access. Service [http://www.client.com/] is not found in service registry.
2016-03-04 16:28:03,735 WARN [org.jasig.cas.web.flow.ServiceAuthorizationCheck] - Service Management: Unauthorized Service Access. Service [http://www.client.com/] is not found in service registry.
2016-03-04 16:28:03,735 WARN [org.jasig.cas.web.flow.ServiceAuthorizationCheck] - Service Management: Unauthorized Service Access. Service [http://www.client.com/] is not found in service registry.
2016-03-04 16:29:03,273 INFO [org.jasig.cas.services.DefaultServicesManagerImpl] - Reloading registered services.
2016-03-04 16:29:03,280 INFO [org.jasig.cas.services.DefaultServicesManagerImpl] - Loaded 3 services.
2016-03-04 16:31:03,279 INFO [org.jasig.cas.services.DefaultServicesManagerImpl] - Reloading registered services.
2016-03-04 16:31:03,284 INFO [org.jasig.cas.services.DefaultServicesManagerImpl] - Loaded 3 services.
2016-03-04 16:33:03,277 INFO [org.jasig.cas.services.DefaultServicesManagerImpl] - Reloading registered services.
2016-03-04 16:33:03,282 INFO [org.jasig.cas.services.DefaultServicesManagerImpl] - Loaded 3 services.
2016-03-04 16:34:57,278 WARN [org.jasig.cas.web.flow.ServiceAuthorizationCheck] - Service Management: Unauthorized Service Access. Service [http://www.client.com/] is not found in service registry.
2016-03-04 16:34:57,278 WARN [org.jasig.cas.web.flow.ServiceAuthorizationCheck] - Service Management: Unauthorized Service Access. Service [http://www.client.com/] is not found in service registry.
2016-03-04 16:35:02,960 WARN [org.jasig.cas.web.flow.ServiceAuthorizationCheck] - Service Management: Unauthorized Service Access. Service [http://www.client.com/] is not found in service registry.
2016-03-04 16:35:02,960 WARN [org.jasig.cas.web.flow.ServiceAuthorizationCheck] - Service Management: Unauthorized Service Access. Service [http://www.client.com/] is not found in service registry.
2016-03-04 16:35:03,278 INFO [org.jasig.cas.services.DefaultServicesManagerImpl] - Reloading registered services.
2016-03-04 16:35:03,285 INFO [org.jasig.cas.services.DefaultServicesManagerImpl] - Loaded 3 services.
2016-03-04 16:35:09,540 WARN [org.jasig.cas.web.flow.ServiceAuthorizationCheck] - Service Management: Unauthorized Service Access. Service [http://www.client.com/] is not found in service registry.
2016-03-04 16:35:09,540 WARN [org.jasig.cas.web.flow.ServiceAuthorizationCheck] - Service Management: Unauthorized Service Access. Service [http://www.client.com/] is not found in service registry.
2016-03-04 16:37:03,277 INFO [org.jasig.cas.services.DefaultServicesManagerImpl] - Reloading registered services.
2016-03-04 16:37:03,279 INFO [org.jasig.cas.services.DefaultServicesManagerImpl] - Loaded 3 services.
2016-03-04 16:37:22,888 INFO [org.jasig.cas.services.DefaultServicesManagerImpl] - Reloading registered services.
2016-03-04 16:37:22,890 INFO [org.jasig.cas.services.DefaultServicesManagerImpl] - Loaded 3 services.
2016-03-04 16:37:28,847 WARN [org.jasig.cas.web.flow.ServiceAuthorizationCheck] - Service Management: Unauthorized Service Access. Service [http://www.client.com/] is not found in service registry.
2016-03-04 16:37:28,847 WARN [org.jasig.cas.web.flow.ServiceAuthorizationCheck] - Service Management: Unauthorized Service Access. Service [http://www.client.com/] is not found in service registry.
2016-03-04 16:37:44,170 INFO [org.jasig.cas.authentication.PolicyBasedAuthenticationManager] - AcceptUsersAuthenticationHandler successfully authenticated mayongtao
2016-03-04 16:37:44,170 INFO [org.jasig.cas.authentication.PolicyBasedAuthenticationManager] - Authenticated mayongtao with credentials [mayongtao].
2016-03-04 16:37:44,171 INFO [org.jasig.inspektr.audit.support.Slf4jLoggingAuditTrailManager] - Audit trail record BEGIN
=============================================================
WHO: mayongtao
WHAT: supplied credentials: [mayongtao]
ACTION: AUTHENTICATION_SUCCESS
APPLICATION: CAS
WHEN: Fri Mar 04 16:37:44 CST 2016
CLIENT IP ADDRESS: 0:0:0:0:0:0:0:1
SERVER IP ADDRESS: 0:0:0:0:0:0:0:1
=============================================================


2016-03-04 16:37:44,171 INFO [org.jasig.inspektr.audit.support.Slf4jLoggingAuditTrailManager] - Audit trail record BEGIN
=============================================================
WHO: mayongtao
WHAT: supplied credentials: [mayongtao]
ACTION: AUTHENTICATION_SUCCESS
APPLICATION: CAS
WHEN: Fri Mar 04 16:37:44 CST 2016
CLIENT IP ADDRESS: 0:0:0:0:0:0:0:1
SERVER IP ADDRESS: 0:0:0:0:0:0:0:1
=============================================================


2016-03-04 16:37:44,171 INFO [org.jasig.inspektr.audit.support.Slf4jLoggingAuditTrailManager] - Audit trail record BEGIN
=============================================================
WHO: mayongtao
WHAT: TGT-**********************************************OzsrFBjsgb-cas01.example.org
ACTION: TICKET_GRANTING_TICKET_CREATED
APPLICATION: CAS
WHEN: Fri Mar 04 16:37:44 CST 2016
CLIENT IP ADDRESS: 0:0:0:0:0:0:0:1
SERVER IP ADDRESS: 0:0:0:0:0:0:0:1
=============================================================


2016-03-04 16:37:44,171 INFO [org.jasig.inspektr.audit.support.Slf4jLoggingAuditTrailManager] - Audit trail record BEGIN
=============================================================
WHO: mayongtao
WHAT: TGT-**********************************************OzsrFBjsgb-cas01.example.org
ACTION: TICKET_GRANTING_TICKET_CREATED
APPLICATION: CAS
WHEN: Fri Mar 04 16:37:44 CST 2016
CLIENT IP ADDRESS: 0:0:0:0:0:0:0:1
SERVER IP ADDRESS: 0:0:0:0:0:0:0:1
=============================================================


2016-03-04 16:37:44,173 INFO [org.jasig.cas.CentralAuthenticationServiceImpl] - Granted ticket [ST-2-ZFKTxhqyDfa0OROJrjjf-cas01.example.org] for service [http://www.apereo.org] for user [mayongtao]
2016-03-04 16:37:44,175 INFO [org.jasig.inspektr.audit.support.Slf4jLoggingAuditTrailManager] - Audit trail record BEGIN
=============================================================
WHO: mayongtao
WHAT: ST-2-ZFKTxhqyDfa0OROJrjjf-cas01.example.org for http://www.apereo.org
ACTION: SERVICE_TICKET_CREATED
APPLICATION: CAS
WHEN: Fri Mar 04 16:37:44 CST 2016
CLIENT IP ADDRESS: 0:0:0:0:0:0:0:1
SERVER IP ADDRESS: 0:0:0:0:0:0:0:1
=============================================================


2016-03-04 16:37:44,175 INFO [org.jasig.inspektr.audit.support.Slf4jLoggingAuditTrailManager] - Audit trail record BEGIN
=============================================================
WHO: mayongtao
WHAT: ST-2-ZFKTxhqyDfa0OROJrjjf-cas01.example.org for http://www.apereo.org
ACTION: SERVICE_TICKET_CREATED
APPLICATION: CAS
WHEN: Fri Mar 04 16:37:44 CST 2016
CLIENT IP ADDRESS: 0:0:0:0:0:0:0:1
SERVER IP ADDRESS: 0:0:0:0:0:0:0:1
=============================================================


2016-03-04 16:37:44,197 WARN [org.jasig.cas.CentralAuthenticationServiceImpl] - ServiceManagement: Unauthorized Service Access. Service [http://www.client.com/] is not found in service registry.
2016-03-04 16:37:44,198 INFO [org.jasig.inspektr.audit.support.Slf4jLoggingAuditTrailManager] - Audit trail record BEGIN
=============================================================
WHO: mayongtao
WHAT: ST-2-ZFKTxhqyDfa0OROJrjjf-cas01.example.org
ACTION: SERVICE_TICKET_VALIDATE_FAILED
APPLICATION: CAS
WHEN: Fri Mar 04 16:37:44 CST 2016
CLIENT IP ADDRESS: 0:0:0:0:0:0:0:1
SERVER IP ADDRESS: 0:0:0:0:0:0:0:1
=============================================================


2016-03-04 16:37:44,198 INFO [org.jasig.inspektr.audit.support.Slf4jLoggingAuditTrailManager] - Audit trail record BEGIN
=============================================================
WHO: mayongtao
WHAT: ST-2-ZFKTxhqyDfa0OROJrjjf-cas01.example.org
ACTION: SERVICE_TICKET_VALIDATE_FAILED
APPLICATION: CAS
WHEN: Fri Mar 04 16:37:44 CST 2016
CLIENT IP ADDRESS: 0:0:0:0:0:0:0:1
SERVER IP ADDRESS: 0:0:0:0:0:0:0:1
=============================================================


2016-03-04 16:37:44,387 WARN [org.jasig.cas.web.flow.ServiceAuthorizationCheck] - Service Management: Unauthorized Service Access. Service [http://www.client.com/favicon.ico] is not found in service registry.
2016-03-04 16:37:44,387 WARN [org.jasig.cas.web.flow.ServiceAuthorizationCheck] - Service Management: Unauthorized Service Access. Service [http://www.client.com/favicon.ico] is not found in service registry.
2016-03-04 16:38:51,724 WARN [org.jasig.cas.web.flow.ServiceAuthorizationCheck] - Service Management: Unauthorized Service Access. Service [http://www.client.com/] is not found in service registry.
2016-03-04 16:38:51,724 WARN [org.jasig.cas.web.flow.ServiceAuthorizationCheck] - Service Management: Unauthorized Service Access. Service [http://www.client.com/] is not found in service registry.
2016-03-04 16:39:03,279 INFO [org.jasig.cas.services.DefaultServicesManagerImpl] - Reloading registered services.
2016-03-04 16:39:03,280 INFO [org.jasig.cas.services.DefaultServicesManagerImpl] - Loaded 3 services.
2016-03-04 16:41:03,277 INFO [org.jasig.cas.services.DefaultServicesManagerImpl] - Reloading registered services.
2016-03-04 16:41:03,278 INFO [org.jasig.cas.services.DefaultServicesManagerImpl] - Loaded 3 services.
2016-03-04 16:43:03,278 INFO [org.jasig.cas.services.DefaultServicesManagerImpl] - Reloading registered services.
2016-03-04 16:43:03,285 INFO [org.jasig.cas.services.DefaultServicesManagerImpl] - Loaded 3 services.
2016-03-04 16:45:03,278 INFO [org.jasig.cas.services.DefaultServicesManagerImpl] - Reloading registered services.
2016-03-04 16:45:03,285 INFO [org.jasig.cas.services.DefaultServicesManagerImpl] - Loaded 3 services.
2016-03-04 16:47:03,278 INFO [org.jasig.cas.services.DefaultServicesManagerImpl] - Reloading registered services.
2016-03-04 16:47:03,287 INFO [org.jasig.cas.services.DefaultServicesManagerImpl] - Loaded 3 services.
2016-03-04 16:49:03,275 INFO [org.jasig.cas.services.DefaultServicesManagerImpl] - Reloading registered services.
2016-03-04 16:49:03,283 INFO [org.jasig.cas.services.DefaultServicesManagerImpl] - Loaded 3 services.
2016-03-04 16:51:03,275 INFO [org.jasig.cas.services.DefaultServicesManagerImpl] - Reloading registered services.
2016-03-04 16:51:03,278 INFO [org.jasig.cas.services.DefaultServicesManagerImpl] - Loaded 3 services.
2016-03-04 16:53:03,278 INFO [org.jasig.cas.services.DefaultServicesManagerImpl] - Reloading registered services.
2016-03-04 16:53:03,279 INFO [org.jasig.cas.services.DefaultServicesManagerImpl] - Loaded 3 services.
2016-03-04 16:54:37,839 WARN [org.jasig.cas.web.flow.ServiceAuthorizationCheck] - Service Management: Unauthorized Service Access. Service [http://www.apereo.org/] is not found in service registry.
2016-03-04 16:54:37,839 WARN [org.jasig.cas.web.flow.ServiceAuthorizationCheck] - Service Management: Unauthorized Service Access. Service [http://www.apereo.org/] is not found in service registry.
2016-03-04 16:54:43,033 WARN [org.jasig.cas.web.flow.ServiceAuthorizationCheck] - Service Management: Unauthorized Service Access. Service [http://www.apereo.org/] is not found in service registry.
2016-03-04 16:54:43,033 WARN [org.jasig.cas.web.flow.ServiceAuthorizationCheck] - Service Management: Unauthorized Service Access. Service [http://www.apereo.org/] is not found in service registry.
2016-03-04 16:54:45,738 WARN [org.jasig.cas.web.flow.ServiceAuthorizationCheck] - Service Management: Unauthorized Service Access. Service [http://www.apereo.org/] is not found in service registry.
2016-03-04 16:54:45,738 WARN [org.jasig.cas.web.flow.ServiceAuthorizationCheck] - Service Management: Unauthorized Service Access. Service [http://www.apereo.org/] is not found in service registry.
2016-03-04 16:54:51,604 WARN [org.jasig.cas.web.flow.ServiceAuthorizationCheck] - Service Management: Unauthorized Service Access. Service [http://www.apereo.org/] is not found in service registry.
2016-03-04 16:54:51,604 WARN [org.jasig.cas.web.flow.ServiceAuthorizationCheck] - Service Management: Unauthorized Service Access. Service [http://www.apereo.org/] is not found in service registry.
2016-03-04 16:55:03,276 INFO [org.jasig.cas.services.DefaultServicesManagerImpl] - Reloading registered services.
2016-03-04 16:55:03,279 INFO [org.jasig.cas.services.DefaultServicesManagerImpl] - Loaded 3 services.
2016-03-04 16:55:32,935 INFO [org.jasig.cas.services.DefaultServicesManagerImpl] - Reloading registered services.
2016-03-04 16:55:32,940 INFO [org.jasig.cas.services.DefaultServicesManagerImpl] - Loaded 3 services.
2016-03-04 16:55:46,496 INFO [org.jasig.cas.util.AutowiringSchedulerFactoryBean] - Shutting down Quartz Scheduler
