2016-03-04 18:06:14,471 INFO [org.jasig.cas.CasEnvironmentContextListener] - 
******************** Welcome to CAS ********************
CAS Version: 4.1.5
Java Home: /Library/Java/JavaVirtualMachines/jdk1.8.0_65.jdk/Contents/Home/jre
Java Vendor: Oracle Corporation
Java Version: 1.8.0_65
OS Architecture: x86_64
OS Name: Mac OS X
OS Version: 10.11.3
*******************************************************

2016-03-04 18:06:19,083 INFO [org.jasig.cas.services.DefaultServicesManagerImpl] - Loaded 2 services.
2016-03-04 18:06:19,848 INFO [org.jasig.cas.util.AutowiringSchedulerFactoryBean] - Starting Quartz Scheduler now
2016-03-04 18:06:19,853 INFO [org.jasig.cas.CasEnvironmentContextListener] - [Apache Tomcat/8.0.30] has loaded the CAS application context
2016-03-04 18:06:22,195 INFO [org.jasig.cas.web.flow.InitialFlowSetupAction] - Setting path for cookies for warn cookie generator to: /cas/ 
2016-03-04 18:06:22,195 INFO [org.jasig.cas.web.flow.InitialFlowSetupAction] - Setting path for cookies for warn cookie generator to: /cas/ 
2016-03-04 18:06:22,196 INFO [org.jasig.cas.web.flow.InitialFlowSetupAction] - Setting path for cookies for TGC cookie generator to: /cas/ 
2016-03-04 18:06:22,196 INFO [org.jasig.cas.web.flow.InitialFlowSetupAction] - Setting path for cookies for TGC cookie generator to: /cas/ 
2016-03-04 18:06:22,216 WARN [org.jasig.cas.web.flow.ServiceAuthorizationCheck] - Service Management: Unauthorized Service Access. Service [http://www.client.com/] is not found in service registry.
2016-03-04 18:06:22,216 WARN [org.jasig.cas.web.flow.ServiceAuthorizationCheck] - Service Management: Unauthorized Service Access. Service [http://www.client.com/] is not found in service registry.
2016-03-04 18:06:39,244 INFO [org.jasig.cas.ticket.registry.support.DefaultTicketRegistryCleaner] - Beginning ticket cleanup.
2016-03-04 18:06:39,252 INFO [org.jasig.cas.ticket.registry.support.DefaultTicketRegistryCleaner] - 0 expired tickets found to be removed.
2016-03-04 18:06:39,252 INFO [org.jasig.cas.ticket.registry.support.DefaultTicketRegistryCleaner] - Finished ticket cleanup.
2016-03-04 18:07:18,910 WARN [org.jasig.cas.services.JsonServiceRegistryConfigWatcher] - Found a service definition [^http://www.client.com] with a duplicate id [10000002] in [/usr/local/Cellar/tomcat/8.0.30/libexec/webapps/cas/WEB-INF/classes/services/Apereo-10000002.json]. This will overwrite previous service definitions and is likely a configuration problem. Make sure all services have a unique id and try again.
2016-03-04 18:07:18,912 INFO [org.jasig.cas.services.DefaultServicesManagerImpl] - Reloading registered services.
2016-03-04 18:07:18,915 INFO [org.jasig.cas.services.DefaultServicesManagerImpl] - Loaded 2 services.
2016-03-04 18:07:18,916 INFO [org.jasig.cas.services.DefaultServicesManagerImpl] - Reloading registered services.
2016-03-04 18:07:18,917 INFO [org.jasig.cas.services.DefaultServicesManagerImpl] - Loaded 2 services.
2016-03-04 18:08:19,248 INFO [org.jasig.cas.services.DefaultServicesManagerImpl] - Reloading registered services.
2016-03-04 18:08:19,253 INFO [org.jasig.cas.services.DefaultServicesManagerImpl] - Loaded 2 services.
2016-03-04 18:10:19,246 INFO [org.jasig.cas.services.DefaultServicesManagerImpl] - Reloading registered services.
2016-03-04 18:10:19,251 INFO [org.jasig.cas.services.DefaultServicesManagerImpl] - Loaded 2 services.
2016-03-04 18:12:19,247 INFO [org.jasig.cas.services.DefaultServicesManagerImpl] - Reloading registered services.
2016-03-04 18:12:19,254 INFO [org.jasig.cas.services.DefaultServicesManagerImpl] - Loaded 2 services.
2016-03-04 18:13:50,387 INFO [org.jasig.cas.util.AutowiringSchedulerFactoryBean] - Shutting down Quartz Scheduler
