2016-03-04 17:10:34,990 INFO [org.jasig.cas.CasEnvironmentContextListener] - 
******************** Welcome to CAS ********************
CAS Version: 4.1.5
Java Home: /Library/Java/JavaVirtualMachines/jdk1.8.0_65.jdk/Contents/Home/jre
Java Vendor: Oracle Corporation
Java Version: 1.8.0_65
OS Architecture: x86_64
OS Name: Mac OS X
OS Version: 10.11.3
*******************************************************

2016-03-04 17:10:43,888 INFO [org.jasig.cas.services.DefaultServicesManagerImpl] - Loaded 3 services.
2016-03-04 17:10:46,103 INFO [org.jasig.cas.util.AutowiringSchedulerFactoryBean] - Starting Quartz Scheduler now
2016-03-04 17:10:46,109 INFO [org.jasig.cas.CasEnvironmentContextListener] - [Apache Tomcat/8.0.30] has loaded the CAS application context
2016-03-04 17:10:49,996 INFO [org.jasig.cas.web.flow.InitialFlowSetupAction] - Setting path for cookies for warn cookie generator to: /cas/ 
2016-03-04 17:10:49,996 INFO [org.jasig.cas.web.flow.InitialFlowSetupAction] - Setting path for cookies for warn cookie generator to: /cas/ 
2016-03-04 17:10:49,998 INFO [org.jasig.cas.web.flow.InitialFlowSetupAction] - Setting path for cookies for TGC cookie generator to: /cas/ 
2016-03-04 17:10:49,998 INFO [org.jasig.cas.web.flow.InitialFlowSetupAction] - Setting path for cookies for TGC cookie generator to: /cas/ 
2016-03-04 17:10:50,037 WARN [org.jasig.cas.web.flow.ServiceAuthorizationCheck] - Service Management: Unauthorized Service Access. Service [http://www.apereo.org/] is not found in service registry.
2016-03-04 17:10:50,037 WARN [org.jasig.cas.web.flow.ServiceAuthorizationCheck] - Service Management: Unauthorized Service Access. Service [http://www.apereo.org/] is not found in service registry.
2016-03-04 17:11:03,027 WARN [org.jasig.cas.web.flow.ServiceAuthorizationCheck] - Service Management: Unauthorized Service Access. Service [http://www.client.com] is not found in service registry.
2016-03-04 17:11:03,027 WARN [org.jasig.cas.web.flow.ServiceAuthorizationCheck] - Service Management: Unauthorized Service Access. Service [http://www.client.com] is not found in service registry.
2016-03-04 17:11:04,384 INFO [org.jasig.cas.ticket.registry.support.DefaultTicketRegistryCleaner] - Beginning ticket cleanup.
2016-03-04 17:11:04,389 INFO [org.jasig.cas.ticket.registry.support.DefaultTicketRegistryCleaner] - 0 expired tickets found to be removed.
2016-03-04 17:11:04,389 INFO [org.jasig.cas.ticket.registry.support.DefaultTicketRegistryCleaner] - Finished ticket cleanup.
2016-03-04 17:11:58,560 INFO [org.jasig.cas.authentication.PolicyBasedAuthenticationManager] - AcceptUsersAuthenticationHandler successfully authenticated mayongtao
2016-03-04 17:11:58,565 INFO [org.jasig.cas.authentication.PolicyBasedAuthenticationManager] - Authenticated mayongtao with credentials [mayongtao].
2016-03-04 17:11:58,575 INFO [org.jasig.inspektr.audit.support.Slf4jLoggingAuditTrailManager] - Audit trail record BEGIN
=============================================================
WHO: mayongtao
WHAT: supplied credentials: [mayongtao]
ACTION: AUTHENTICATION_SUCCESS
APPLICATION: CAS
WHEN: Fri Mar 04 17:11:58 CST 2016
CLIENT IP ADDRESS: 0:0:0:0:0:0:0:1
SERVER IP ADDRESS: 0:0:0:0:0:0:0:1
=============================================================


2016-03-04 17:11:58,575 INFO [org.jasig.inspektr.audit.support.Slf4jLoggingAuditTrailManager] - Audit trail record BEGIN
=============================================================
WHO: mayongtao
WHAT: supplied credentials: [mayongtao]
ACTION: AUTHENTICATION_SUCCESS
APPLICATION: CAS
WHEN: Fri Mar 04 17:11:58 CST 2016
CLIENT IP ADDRESS: 0:0:0:0:0:0:0:1
SERVER IP ADDRESS: 0:0:0:0:0:0:0:1
=============================================================


2016-03-04 17:11:58,580 INFO [org.jasig.inspektr.audit.support.Slf4jLoggingAuditTrailManager] - Audit trail record BEGIN
=============================================================
WHO: mayongtao
WHAT: TGT-**********************************************gg23nZhC09-cas01.example.org
ACTION: TICKET_GRANTING_TICKET_CREATED
APPLICATION: CAS
WHEN: Fri Mar 04 17:11:58 CST 2016
CLIENT IP ADDRESS: 0:0:0:0:0:0:0:1
SERVER IP ADDRESS: 0:0:0:0:0:0:0:1
=============================================================


2016-03-04 17:11:58,580 INFO [org.jasig.inspektr.audit.support.Slf4jLoggingAuditTrailManager] - Audit trail record BEGIN
=============================================================
WHO: mayongtao
WHAT: TGT-**********************************************gg23nZhC09-cas01.example.org
ACTION: TICKET_GRANTING_TICKET_CREATED
APPLICATION: CAS
WHEN: Fri Mar 04 17:11:58 CST 2016
CLIENT IP ADDRESS: 0:0:0:0:0:0:0:1
SERVER IP ADDRESS: 0:0:0:0:0:0:0:1
=============================================================


2016-03-04 17:11:58,787 INFO [org.jasig.cas.CentralAuthenticationServiceImpl] - Granted ticket [ST-1-a04fmeXYfW3cJj5HESl0-cas01.example.org] for service [http://www.apereo.org] for user [mayongtao]
2016-03-04 17:11:58,790 INFO [org.jasig.inspektr.audit.support.Slf4jLoggingAuditTrailManager] - Audit trail record BEGIN
=============================================================
WHO: mayongtao
WHAT: ST-1-a04fmeXYfW3cJj5HESl0-cas01.example.org for http://www.apereo.org
ACTION: SERVICE_TICKET_CREATED
APPLICATION: CAS
WHEN: Fri Mar 04 17:11:58 CST 2016
CLIENT IP ADDRESS: 0:0:0:0:0:0:0:1
SERVER IP ADDRESS: 0:0:0:0:0:0:0:1
=============================================================


2016-03-04 17:11:58,790 INFO [org.jasig.inspektr.audit.support.Slf4jLoggingAuditTrailManager] - Audit trail record BEGIN
=============================================================
WHO: mayongtao
WHAT: ST-1-a04fmeXYfW3cJj5HESl0-cas01.example.org for http://www.apereo.org
ACTION: SERVICE_TICKET_CREATED
APPLICATION: CAS
WHEN: Fri Mar 04 17:11:58 CST 2016
CLIENT IP ADDRESS: 0:0:0:0:0:0:0:1
SERVER IP ADDRESS: 0:0:0:0:0:0:0:1
=============================================================


2016-03-04 17:11:58,836 WARN [org.jasig.cas.CentralAuthenticationServiceImpl] - ServiceManagement: Unauthorized Service Access. Service [http://www.apereo.org/] is not found in service registry.
2016-03-04 17:11:58,837 INFO [org.jasig.inspektr.audit.support.Slf4jLoggingAuditTrailManager] - Audit trail record BEGIN
=============================================================
WHO: mayongtao
WHAT: ST-1-a04fmeXYfW3cJj5HESl0-cas01.example.org
ACTION: SERVICE_TICKET_VALIDATE_FAILED
APPLICATION: CAS
WHEN: Fri Mar 04 17:11:58 CST 2016
CLIENT IP ADDRESS: 0:0:0:0:0:0:0:1
SERVER IP ADDRESS: 0:0:0:0:0:0:0:1
=============================================================


2016-03-04 17:11:58,837 INFO [org.jasig.inspektr.audit.support.Slf4jLoggingAuditTrailManager] - Audit trail record BEGIN
=============================================================
WHO: mayongtao
WHAT: ST-1-a04fmeXYfW3cJj5HESl0-cas01.example.org
ACTION: SERVICE_TICKET_VALIDATE_FAILED
APPLICATION: CAS
WHEN: Fri Mar 04 17:11:58 CST 2016
CLIENT IP ADDRESS: 0:0:0:0:0:0:0:1
SERVER IP ADDRESS: 0:0:0:0:0:0:0:1
=============================================================


2016-03-04 17:11:59,066 WARN [org.jasig.cas.web.flow.ServiceAuthorizationCheck] - Service Management: Unauthorized Service Access. Service [http://www.apereo.org/favicon.ico] is not found in service registry.
2016-03-04 17:11:59,066 WARN [org.jasig.cas.web.flow.ServiceAuthorizationCheck] - Service Management: Unauthorized Service Access. Service [http://www.apereo.org/favicon.ico] is not found in service registry.
2016-03-04 17:12:44,475 INFO [org.jasig.cas.services.DefaultServicesManagerImpl] - Reloading registered services.
2016-03-04 17:12:44,481 INFO [org.jasig.cas.services.DefaultServicesManagerImpl] - Loaded 3 services.
2016-03-04 17:14:44,476 INFO [org.jasig.cas.services.DefaultServicesManagerImpl] - Reloading registered services.
2016-03-04 17:14:44,483 INFO [org.jasig.cas.services.DefaultServicesManagerImpl] - Loaded 3 services.
2016-03-04 17:16:44,475 INFO [org.jasig.cas.services.DefaultServicesManagerImpl] - Reloading registered services.
2016-03-04 17:16:44,480 INFO [org.jasig.cas.services.DefaultServicesManagerImpl] - Loaded 3 services.
2016-03-04 17:18:44,477 INFO [org.jasig.cas.services.DefaultServicesManagerImpl] - Reloading registered services.
2016-03-04 17:18:44,481 INFO [org.jasig.cas.services.DefaultServicesManagerImpl] - Loaded 3 services.
2016-03-04 17:19:31,225 WARN [org.jasig.cas.web.flow.ServiceAuthorizationCheck] - Service Management: Unauthorized Service Access. Service [http://www.client.com/] is not found in service registry.
2016-03-04 17:19:31,225 WARN [org.jasig.cas.web.flow.ServiceAuthorizationCheck] - Service Management: Unauthorized Service Access. Service [http://www.client.com/] is not found in service registry.
2016-03-04 17:19:38,937 WARN [org.jasig.cas.web.flow.ServiceAuthorizationCheck] - Service Management: Unauthorized Service Access. Service [http://www.client.com/] is not found in service registry.
2016-03-04 17:19:38,937 WARN [org.jasig.cas.web.flow.ServiceAuthorizationCheck] - Service Management: Unauthorized Service Access. Service [http://www.client.com/] is not found in service registry.
2016-03-04 17:20:32,688 WARN [org.jasig.cas.web.flow.ServiceAuthorizationCheck] - Service Management: Unauthorized Service Access. Service [http://www.client.com/] is not found in service registry.
2016-03-04 17:20:32,688 WARN [org.jasig.cas.web.flow.ServiceAuthorizationCheck] - Service Management: Unauthorized Service Access. Service [http://www.client.com/] is not found in service registry.
2016-03-04 17:20:44,478 INFO [org.jasig.cas.services.DefaultServicesManagerImpl] - Reloading registered services.
2016-03-04 17:20:44,493 INFO [org.jasig.cas.services.DefaultServicesManagerImpl] - Loaded 3 services.
2016-03-04 17:20:46,193 WARN [org.jasig.cas.web.flow.ServiceAuthorizationCheck] - Service Management: Unauthorized Service Access. Service [http://www.client.com/] is not found in service registry.
2016-03-04 17:20:46,193 WARN [org.jasig.cas.web.flow.ServiceAuthorizationCheck] - Service Management: Unauthorized Service Access. Service [http://www.client.com/] is not found in service registry.
2016-03-04 17:22:23,495 INFO [org.jasig.cas.services.DefaultServicesManagerImpl] - Reloading registered services.
2016-03-04 17:22:23,499 INFO [org.jasig.cas.services.DefaultServicesManagerImpl] - Loaded 3 services.
2016-03-04 17:22:44,477 INFO [org.jasig.cas.services.DefaultServicesManagerImpl] - Reloading registered services.
2016-03-04 17:22:44,479 INFO [org.jasig.cas.services.DefaultServicesManagerImpl] - Loaded 3 services.
2016-03-04 17:24:44,478 INFO [org.jasig.cas.services.DefaultServicesManagerImpl] - Reloading registered services.
2016-03-04 17:24:44,479 INFO [org.jasig.cas.services.DefaultServicesManagerImpl] - Loaded 3 services.
2016-03-04 17:25:33,496 WARN [org.jasig.cas.services.JsonServiceRegistryConfigWatcher] - Found a service definition [^http://www.client.org] with a duplicate id [100000021] in [/usr/local/Cellar/tomcat/8.0.30/libexec/webapps/cas/WEB-INF/classes/services/Client-100000021.json.bak]. This will overwrite previous service definitions and is likely a configuration problem. Make sure all services have a unique id and try again.
2016-03-04 17:25:33,496 INFO [org.jasig.cas.services.DefaultServicesManagerImpl] - Reloading registered services.
2016-03-04 17:25:33,497 INFO [org.jasig.cas.services.DefaultServicesManagerImpl] - Loaded 2 services.
2016-03-04 17:25:33,498 INFO [org.jasig.cas.services.DefaultServicesManagerImpl] - Reloading registered services.
2016-03-04 17:25:33,499 INFO [org.jasig.cas.services.DefaultServicesManagerImpl] - Loaded 2 services.
2016-03-04 17:25:41,505 INFO [org.jasig.cas.util.AutowiringSchedulerFactoryBean] - Shutting down Quartz Scheduler
