type=GAUGE, name=jvm.fd.usage, value=0.00927734375
type=GAUGE, name=jvm.gc.PS-MarkSweep.count, value=3
type=GAUGE, name=jvm.gc.PS-MarkSweep.time, value=427
type=GAUGE, name=jvm.gc.PS-Scavenge.count, value=10
type=GAUGE, name=jvm.gc.PS-Scavenge.time, value=241
type=GAUGE, name=jvm.memory.heap.committed, value=747110400
type=GAUGE, name=jvm.memory.heap.init, value=134217728
type=GAUGE, name=jvm.memory.heap.max, value=1908932608
type=GAUGE, name=jvm.memory.heap.usage, value=0.21496072427089055
type=GAUGE, name=jvm.memory.heap.used, value=410345536
type=GAUGE, name=jvm.memory.non-heap.committed, value=73977856
type=GAUGE, name=jvm.memory.non-heap.init, value=2555904
type=GAUGE, name=jvm.memory.non-heap.max, value=-1
type=GAUGE, name=jvm.memory.non-heap.usage, value=-7.179824E7
type=GAUGE, name=jvm.memory.non-heap.used, value=71798240
type=GAUGE, name=jvm.memory.pools.Code-Cache.committed, value=19202048
type=GAUGE, name=jvm.memory.pools.Code-Cache.init, value=2555904
type=GAUGE, name=jvm.memory.pools.Code-Cache.max, value=251658240
type=GAUGE, name=jvm.memory.pools.Code-Cache.usage, value=0.07331110636393229
type=GAUGE, name=jvm.memory.pools.Code-Cache.used, value=18449344
type=GAUGE, name=jvm.memory.pools.Compressed-Class-Space.committed, value=6029312
type=GAUGE, name=jvm.memory.pools.Compressed-Class-Space.init, value=0
type=GAUGE, name=jvm.memory.pools.Compressed-Class-Space.max, value=1073741824
type=GAUGE, name=jvm.memory.pools.Compressed-Class-Space.usage, value=0.005344592034816742
type=GAUGE, name=jvm.memory.pools.Compressed-Class-Space.used, value=5738712
type=GAUGE, name=jvm.memory.pools.Metaspace.committed, value=48746496
type=GAUGE, name=jvm.memory.pools.Metaspace.init, value=0
type=GAUGE, name=jvm.memory.pools.Metaspace.max, value=-1
type=GAUGE, name=jvm.memory.pools.Metaspace.usage, value=0.9767238244160155
type=GAUGE, name=jvm.memory.pools.Metaspace.used, value=47611864
type=GAUGE, name=jvm.memory.pools.PS-Eden-Space.committed, value=511705088
type=GAUGE, name=jvm.memory.pools.PS-Eden-Space.init, value=34078720
type=GAUGE, name=jvm.memory.pools.PS-Eden-Space.max, value=627572736
type=GAUGE, name=jvm.memory.pools.PS-Eden-Space.usage, value=0.5464315263051835
type=GAUGE, name=jvm.memory.pools.PS-Eden-Space.used, value=342925528
type=GAUGE, name=jvm.memory.pools.PS-Old-Gen.committed, value=192413696
type=GAUGE, name=jvm.memory.pools.PS-Old-Gen.init, value=89653248
type=GAUGE, name=jvm.memory.pools.PS-Old-Gen.max, value=1431830528
type=GAUGE, name=jvm.memory.pools.PS-Old-Gen.usage, value=0.04708658369938038
type=GAUGE, name=jvm.memory.pools.PS-Old-Gen.used, value=67420008
type=GAUGE, name=jvm.memory.pools.PS-Survivor-Space.committed, value=42991616
type=GAUGE, name=jvm.memory.pools.PS-Survivor-Space.init, value=5242880
type=GAUGE, name=jvm.memory.pools.PS-Survivor-Space.max, value=42991616
type=GAUGE, name=jvm.memory.pools.PS-Survivor-Space.usage, value=0.0
type=GAUGE, name=jvm.memory.pools.PS-Survivor-Space.used, value=0
type=GAUGE, name=jvm.memory.total.committed, value=821088256
type=GAUGE, name=jvm.memory.total.init, value=136773632
type=GAUGE, name=jvm.memory.total.max, value=1908932607
type=GAUGE, name=jvm.memory.total.used, value=482145456
type=GAUGE, name=jvm.thread-states.blocked.count, value=0
type=GAUGE, name=jvm.thread-states.count, value=33
type=GAUGE, name=jvm.thread-states.daemon.count, value=21
type=GAUGE, name=jvm.thread-states.deadlock.count, value=0
type=GAUGE, name=jvm.thread-states.deadlocks, value=[]
type=GAUGE, name=jvm.thread-states.new.count, value=0
type=GAUGE, name=jvm.thread-states.runnable.count, value=11
type=GAUGE, name=jvm.thread-states.terminated.count, value=0
type=GAUGE, name=jvm.thread-states.timed_waiting.count, value=16
type=GAUGE, name=jvm.thread-states.waiting.count, value=6
type=METER, name=org.jasig.cas.CentralAuthenticationServiceImpl.CREATE_TICKET_GRANTING_TICKET_METER, count=0, mean_rate=0.0, m1=0.0, m5=0.0, m15=0.0, rate_unit=events/millisecond
type=METER, name=org.jasig.cas.CentralAuthenticationServiceImpl.DESTROY_TICKET_GRANTING_TICKET_METER, count=0, mean_rate=0.0, m1=0.0, m5=0.0, m15=0.0, rate_unit=events/millisecond
type=METER, name=org.jasig.cas.CentralAuthenticationServiceImpl.GET_TICKETS_METER, count=1, mean_rate=0.0, m1=0.0, m5=0.0, m15=0.0, rate_unit=events/millisecond
type=METER, name=org.jasig.cas.CentralAuthenticationServiceImpl.GET_TICKET_METER, count=0, mean_rate=0.0, m1=0.0, m5=0.0, m15=0.0, rate_unit=events/millisecond
type=METER, name=org.jasig.cas.CentralAuthenticationServiceImpl.GRANT_PROXY_GRANTING_TICKET_METER, count=0, mean_rate=0.0, m1=0.0, m5=0.0, m15=0.0, rate_unit=events/millisecond
type=METER, name=org.jasig.cas.CentralAuthenticationServiceImpl.GRANT_SERVICE_TICKET_METER, count=0, mean_rate=0.0, m1=0.0, m5=0.0, m15=0.0, rate_unit=events/millisecond
type=METER, name=org.jasig.cas.CentralAuthenticationServiceImpl.VALIDATE_SERVICE_TICKET_METER, count=0, mean_rate=0.0, m1=0.0, m5=0.0, m15=0.0, rate_unit=events/millisecond
type=TIMER, name=org.jasig.cas.CentralAuthenticationServiceImpl.CREATE_TICKET_GRANTING_TICKET_TIMER, count=0, min=0.0, max=0.0, mean=0.0, stddev=0.0, median=0.0, p75=0.0, p95=0.0, p98=0.0, p99=0.0, p999=0.0, mean_rate=0.0, m1=0.0, m5=0.0, m15=0.0, rate_unit=events/millisecond, duration_unit=milliseconds
type=TIMER, name=org.jasig.cas.CentralAuthenticationServiceImpl.DESTROY_TICKET_GRANTING_TICKET_TIMER, count=0, min=0.0, max=0.0, mean=0.0, stddev=0.0, median=0.0, p75=0.0, p95=0.0, p98=0.0, p99=0.0, p999=0.0, mean_rate=0.0, m1=0.0, m5=0.0, m15=0.0, rate_unit=events/millisecond, duration_unit=milliseconds
type=TIMER, name=org.jasig.cas.CentralAuthenticationServiceImpl.GET_TICKETS_TIMER, count=1, min=0.221651, max=0.221651, mean=0.221651, stddev=0.0, median=0.221651, p75=0.221651, p95=0.221651, p98=0.221651, p99=0.221651, p999=0.221651, mean_rate=0.0, m1=0.0, m5=0.0, m15=0.0, rate_unit=events/millisecond, duration_unit=milliseconds
type=TIMER, name=org.jasig.cas.CentralAuthenticationServiceImpl.GET_TICKET_TIMER, count=0, min=0.0, max=0.0, mean=0.0, stddev=0.0, median=0.0, p75=0.0, p95=0.0, p98=0.0, p99=0.0, p999=0.0, mean_rate=0.0, m1=0.0, m5=0.0, m15=0.0, rate_unit=events/millisecond, duration_unit=milliseconds
type=TIMER, name=org.jasig.cas.CentralAuthenticationServiceImpl.GRANT_PROXY_GRANTING_TICKET_TIMER, count=0, min=0.0, max=0.0, mean=0.0, stddev=0.0, median=0.0, p75=0.0, p95=0.0, p98=0.0, p99=0.0, p999=0.0, mean_rate=0.0, m1=0.0, m5=0.0, m15=0.0, rate_unit=events/millisecond, duration_unit=milliseconds
type=TIMER, name=org.jasig.cas.CentralAuthenticationServiceImpl.GRANT_SERVICE_TICKET_TIMER, count=0, min=0.0, max=0.0, mean=0.0, stddev=0.0, median=0.0, p75=0.0, p95=0.0, p98=0.0, p99=0.0, p999=0.0, mean_rate=0.0, m1=0.0, m5=0.0, m15=0.0, rate_unit=events/millisecond, duration_unit=milliseconds
type=TIMER, name=org.jasig.cas.CentralAuthenticationServiceImpl.VALIDATE_SERVICE_TICKET_TIMER, count=0, min=0.0, max=0.0, mean=0.0, stddev=0.0, median=0.0, p75=0.0, p95=0.0, p98=0.0, p99=0.0, p999=0.0, mean_rate=0.0, m1=0.0, m5=0.0, m15=0.0, rate_unit=events/millisecond, duration_unit=milliseconds
type=GAUGE, name=jvm.fd.usage, value=0.00927734375
type=GAUGE, name=jvm.gc.PS-MarkSweep.count, value=3
type=GAUGE, name=jvm.gc.PS-MarkSweep.time, value=427
type=GAUGE, name=jvm.gc.PS-Scavenge.count, value=10
type=GAUGE, name=jvm.gc.PS-Scavenge.time, value=241
type=GAUGE, name=jvm.memory.heap.committed, value=747110400
type=GAUGE, name=jvm.memory.heap.init, value=134217728
type=GAUGE, name=jvm.memory.heap.max, value=1908932608
type=GAUGE, name=jvm.memory.heap.usage, value=0.21630110893888613
type=GAUGE, name=jvm.memory.heap.used, value=412904240
type=GAUGE, name=jvm.memory.non-heap.committed, value=73977856
type=GAUGE, name=jvm.memory.non-heap.init, value=2555904
type=GAUGE, name=jvm.memory.non-heap.max, value=-1
type=GAUGE, name=jvm.memory.non-heap.usage, value=-7.1823792E7
type=GAUGE, name=jvm.memory.non-heap.used, value=71823792
type=GAUGE, name=jvm.memory.pools.Code-Cache.committed, value=19202048
type=GAUGE, name=jvm.memory.pools.Code-Cache.init, value=2555904
type=GAUGE, name=jvm.memory.pools.Code-Cache.max, value=251658240
type=GAUGE, name=jvm.memory.pools.Code-Cache.usage, value=0.07340596516927084
type=GAUGE, name=jvm.memory.pools.Code-Cache.used, value=18473216
type=GAUGE, name=jvm.memory.pools.Compressed-Class-Space.committed, value=6029312
type=GAUGE, name=jvm.memory.pools.Compressed-Class-Space.init, value=0
type=GAUGE, name=jvm.memory.pools.Compressed-Class-Space.max, value=1073741824
type=GAUGE, name=jvm.memory.pools.Compressed-Class-Space.usage, value=0.005344592034816742
type=GAUGE, name=jvm.memory.pools.Compressed-Class-Space.used, value=5738712
type=GAUGE, name=jvm.memory.pools.Metaspace.committed, value=48746496
type=GAUGE, name=jvm.memory.pools.Metaspace.init, value=0
type=GAUGE, name=jvm.memory.pools.Metaspace.max, value=-1
type=GAUGE, name=jvm.memory.pools.Metaspace.usage, value=0.9767238244160155
type=GAUGE, name=jvm.memory.pools.Metaspace.used, value=47611864
type=GAUGE, name=jvm.memory.pools.PS-Eden-Space.committed, value=511705088
type=GAUGE, name=jvm.memory.pools.PS-Eden-Space.init, value=34078720
type=GAUGE, name=jvm.memory.pools.PS-Eden-Space.max, value=627572736
type=GAUGE, name=jvm.memory.pools.PS-Eden-Space.usage, value=0.5545856090217406
type=GAUGE, name=jvm.memory.pools.PS-Eden-Space.used, value=348042808
type=GAUGE, name=jvm.memory.pools.PS-Old-Gen.committed, value=192413696
type=GAUGE, name=jvm.memory.pools.PS-Old-Gen.init, value=89653248
type=GAUGE, name=jvm.memory.pools.PS-Old-Gen.max, value=1431830528
type=GAUGE, name=jvm.memory.pools.PS-Old-Gen.usage, value=0.04708658369938038
type=GAUGE, name=jvm.memory.pools.PS-Old-Gen.used, value=67420008
type=GAUGE, name=jvm.memory.pools.PS-Survivor-Space.committed, value=42991616
type=GAUGE, name=jvm.memory.pools.PS-Survivor-Space.init, value=5242880
type=GAUGE, name=jvm.memory.pools.PS-Survivor-Space.max, value=42991616
type=GAUGE, name=jvm.memory.pools.PS-Survivor-Space.usage, value=0.0
type=GAUGE, name=jvm.memory.pools.PS-Survivor-Space.used, value=0
type=GAUGE, name=jvm.memory.total.committed, value=821088256
type=GAUGE, name=jvm.memory.total.init, value=136773632
type=GAUGE, name=jvm.memory.total.max, value=1908932607
type=GAUGE, name=jvm.memory.total.used, value=487287376
type=GAUGE, name=jvm.thread-states.blocked.count, value=0
type=GAUGE, name=jvm.thread-states.count, value=33
type=GAUGE, name=jvm.thread-states.daemon.count, value=21
type=GAUGE, name=jvm.thread-states.deadlock.count, value=0
type=GAUGE, name=jvm.thread-states.deadlocks, value=[]
type=GAUGE, name=jvm.thread-states.new.count, value=0
type=GAUGE, name=jvm.thread-states.runnable.count, value=11
type=GAUGE, name=jvm.thread-states.terminated.count, value=0
type=GAUGE, name=jvm.thread-states.timed_waiting.count, value=16
type=GAUGE, name=jvm.thread-states.waiting.count, value=6
type=METER, name=org.jasig.cas.CentralAuthenticationServiceImpl.CREATE_TICKET_GRANTING_TICKET_METER, count=0, mean_rate=0.0, m1=0.0, m5=0.0, m15=0.0, rate_unit=events/millisecond
type=METER, name=org.jasig.cas.CentralAuthenticationServiceImpl.DESTROY_TICKET_GRANTING_TICKET_METER, count=0, mean_rate=0.0, m1=0.0, m5=0.0, m15=0.0, rate_unit=events/millisecond
type=METER, name=org.jasig.cas.CentralAuthenticationServiceImpl.GET_TICKETS_METER, count=1, mean_rate=0.0, m1=0.0, m5=0.0, m15=0.0, rate_unit=events/millisecond
type=METER, name=org.jasig.cas.CentralAuthenticationServiceImpl.GET_TICKET_METER, count=0, mean_rate=0.0, m1=0.0, m5=0.0, m15=0.0, rate_unit=events/millisecond
type=METER, name=org.jasig.cas.CentralAuthenticationServiceImpl.GRANT_PROXY_GRANTING_TICKET_METER, count=0, mean_rate=0.0, m1=0.0, m5=0.0, m15=0.0, rate_unit=events/millisecond
type=METER, name=org.jasig.cas.CentralAuthenticationServiceImpl.GRANT_SERVICE_TICKET_METER, count=0, mean_rate=0.0, m1=0.0, m5=0.0, m15=0.0, rate_unit=events/millisecond
type=METER, name=org.jasig.cas.CentralAuthenticationServiceImpl.VALIDATE_SERVICE_TICKET_METER, count=0, mean_rate=0.0, m1=0.0, m5=0.0, m15=0.0, rate_unit=events/millisecond
type=TIMER, name=org.jasig.cas.CentralAuthenticationServiceImpl.CREATE_TICKET_GRANTING_TICKET_TIMER, count=0, min=0.0, max=0.0, mean=0.0, stddev=0.0, median=0.0, p75=0.0, p95=0.0, p98=0.0, p99=0.0, p999=0.0, mean_rate=0.0, m1=0.0, m5=0.0, m15=0.0, rate_unit=events/millisecond, duration_unit=milliseconds
type=TIMER, name=org.jasig.cas.CentralAuthenticationServiceImpl.DESTROY_TICKET_GRANTING_TICKET_TIMER, count=0, min=0.0, max=0.0, mean=0.0, stddev=0.0, median=0.0, p75=0.0, p95=0.0, p98=0.0, p99=0.0, p999=0.0, mean_rate=0.0, m1=0.0, m5=0.0, m15=0.0, rate_unit=events/millisecond, duration_unit=milliseconds
type=TIMER, name=org.jasig.cas.CentralAuthenticationServiceImpl.GET_TICKETS_TIMER, count=1, min=0.221651, max=0.221651, mean=0.221651, stddev=0.0, median=0.221651, p75=0.221651, p95=0.221651, p98=0.221651, p99=0.221651, p999=0.221651, mean_rate=0.0, m1=0.0, m5=0.0, m15=0.0, rate_unit=events/millisecond, duration_unit=milliseconds
type=TIMER, name=org.jasig.cas.CentralAuthenticationServiceImpl.GET_TICKET_TIMER, count=0, min=0.0, max=0.0, mean=0.0, stddev=0.0, median=0.0, p75=0.0, p95=0.0, p98=0.0, p99=0.0, p999=0.0, mean_rate=0.0, m1=0.0, m5=0.0, m15=0.0, rate_unit=events/millisecond, duration_unit=milliseconds
type=TIMER, name=org.jasig.cas.CentralAuthenticationServiceImpl.GRANT_PROXY_GRANTING_TICKET_TIMER, count=0, min=0.0, max=0.0, mean=0.0, stddev=0.0, median=0.0, p75=0.0, p95=0.0, p98=0.0, p99=0.0, p999=0.0, mean_rate=0.0, m1=0.0, m5=0.0, m15=0.0, rate_unit=events/millisecond, duration_unit=milliseconds
type=TIMER, name=org.jasig.cas.CentralAuthenticationServiceImpl.GRANT_SERVICE_TICKET_TIMER, count=0, min=0.0, max=0.0, mean=0.0, stddev=0.0, median=0.0, p75=0.0, p95=0.0, p98=0.0, p99=0.0, p999=0.0, mean_rate=0.0, m1=0.0, m5=0.0, m15=0.0, rate_unit=events/millisecond, duration_unit=milliseconds
type=TIMER, name=org.jasig.cas.CentralAuthenticationServiceImpl.VALIDATE_SERVICE_TICKET_TIMER, count=0, min=0.0, max=0.0, mean=0.0, stddev=0.0, median=0.0, p75=0.0, p95=0.0, p98=0.0, p99=0.0, p999=0.0, mean_rate=0.0, m1=0.0, m5=0.0, m15=0.0, rate_unit=events/millisecond, duration_unit=milliseconds
type=GAUGE, name=jvm.fd.usage, value=0.00927734375
type=GAUGE, name=jvm.gc.PS-MarkSweep.count, value=3
type=GAUGE, name=jvm.gc.PS-MarkSweep.time, value=427
type=GAUGE, name=jvm.gc.PS-Scavenge.count, value=10
type=GAUGE, name=jvm.gc.PS-Scavenge.time, value=241
type=GAUGE, name=jvm.memory.heap.committed, value=747110400
type=GAUGE, name=jvm.memory.heap.init, value=134217728
type=GAUGE, name=jvm.memory.heap.max, value=1908932608
type=GAUGE, name=jvm.memory.heap.usage, value=0.2176414265537026
type=GAUGE, name=jvm.memory.heap.used, value=415462816
type=GAUGE, name=jvm.memory.non-heap.committed, value=73977856
type=GAUGE, name=jvm.memory.non-heap.init, value=2555904
type=GAUGE, name=jvm.memory.non-heap.max, value=-1
type=GAUGE, name=jvm.memory.non-heap.usage, value=-7.1825648E7
type=GAUGE, name=jvm.memory.non-heap.used, value=71825648
type=GAUGE, name=jvm.memory.pools.Code-Cache.committed, value=19202048
type=GAUGE, name=jvm.memory.pools.Code-Cache.init, value=2555904
type=GAUGE, name=jvm.memory.pools.Code-Cache.max, value=251658240
type=GAUGE, name=jvm.memory.pools.Code-Cache.usage, value=0.07341334025065104
type=GAUGE, name=jvm.memory.pools.Code-Cache.used, value=18475072
type=GAUGE, name=jvm.memory.pools.Compressed-Class-Space.committed, value=6029312
type=GAUGE, name=jvm.memory.pools.Compressed-Class-Space.init, value=0
type=GAUGE, name=jvm.memory.pools.Compressed-Class-Space.max, value=1073741824
type=GAUGE, name=jvm.memory.pools.Compressed-Class-Space.usage, value=0.005344592034816742
type=GAUGE, name=jvm.memory.pools.Compressed-Class-Space.used, value=5738712
type=GAUGE, name=jvm.memory.pools.Metaspace.committed, value=48746496
type=GAUGE, name=jvm.memory.pools.Metaspace.init, value=0
type=GAUGE, name=jvm.memory.pools.Metaspace.max, value=-1
type=GAUGE, name=jvm.memory.pools.Metaspace.usage, value=0.9767238244160155
type=GAUGE, name=jvm.memory.pools.Metaspace.used, value=47611864
type=GAUGE, name=jvm.memory.pools.PS-Eden-Space.committed, value=511705088
type=GAUGE, name=jvm.memory.pools.PS-Eden-Space.init, value=34078720
type=GAUGE, name=jvm.memory.pools.PS-Eden-Space.max, value=627572736
type=GAUGE, name=jvm.memory.pools.PS-Eden-Space.usage, value=0.5545856090217406
type=GAUGE, name=jvm.memory.pools.PS-Eden-Space.used, value=348042808
type=GAUGE, name=jvm.memory.pools.PS-Old-Gen.committed, value=192413696
type=GAUGE, name=jvm.memory.pools.PS-Old-Gen.init, value=89653248
type=GAUGE, name=jvm.memory.pools.PS-Old-Gen.max, value=1431830528
type=GAUGE, name=jvm.memory.pools.PS-Old-Gen.usage, value=0.04708658369938038
type=GAUGE, name=jvm.memory.pools.PS-Old-Gen.used, value=67420008
type=GAUGE, name=jvm.memory.pools.PS-Survivor-Space.committed, value=42991616
type=GAUGE, name=jvm.memory.pools.PS-Survivor-Space.init, value=5242880
type=GAUGE, name=jvm.memory.pools.PS-Survivor-Space.max, value=42991616
type=GAUGE, name=jvm.memory.pools.PS-Survivor-Space.usage, value=0.0
type=GAUGE, name=jvm.memory.pools.PS-Survivor-Space.used, value=0
type=GAUGE, name=jvm.memory.total.committed, value=821088256
type=GAUGE, name=jvm.memory.total.init, value=136773632
type=GAUGE, name=jvm.memory.total.max, value=1908932607
type=GAUGE, name=jvm.memory.total.used, value=487288464
type=GAUGE, name=jvm.thread-states.blocked.count, value=0
type=GAUGE, name=jvm.thread-states.count, value=33
type=GAUGE, name=jvm.thread-states.daemon.count, value=21
type=GAUGE, name=jvm.thread-states.deadlock.count, value=0
type=GAUGE, name=jvm.thread-states.deadlocks, value=[]
type=GAUGE, name=jvm.thread-states.new.count, value=0
type=GAUGE, name=jvm.thread-states.runnable.count, value=11
type=GAUGE, name=jvm.thread-states.terminated.count, value=0
type=GAUGE, name=jvm.thread-states.timed_waiting.count, value=16
type=GAUGE, name=jvm.thread-states.waiting.count, value=6
type=METER, name=org.jasig.cas.CentralAuthenticationServiceImpl.CREATE_TICKET_GRANTING_TICKET_METER, count=0, mean_rate=0.0, m1=0.0, m5=0.0, m15=0.0, rate_unit=events/millisecond
type=METER, name=org.jasig.cas.CentralAuthenticationServiceImpl.DESTROY_TICKET_GRANTING_TICKET_METER, count=0, mean_rate=0.0, m1=0.0, m5=0.0, m15=0.0, rate_unit=events/millisecond
type=METER, name=org.jasig.cas.CentralAuthenticationServiceImpl.GET_TICKETS_METER, count=1, mean_rate=0.0, m1=0.0, m5=0.0, m15=0.0, rate_unit=events/millisecond
type=METER, name=org.jasig.cas.CentralAuthenticationServiceImpl.GET_TICKET_METER, count=0, mean_rate=0.0, m1=0.0, m5=0.0, m15=0.0, rate_unit=events/millisecond
type=METER, name=org.jasig.cas.CentralAuthenticationServiceImpl.GRANT_PROXY_GRANTING_TICKET_METER, count=0, mean_rate=0.0, m1=0.0, m5=0.0, m15=0.0, rate_unit=events/millisecond
type=METER, name=org.jasig.cas.CentralAuthenticationServiceImpl.GRANT_SERVICE_TICKET_METER, count=0, mean_rate=0.0, m1=0.0, m5=0.0, m15=0.0, rate_unit=events/millisecond
type=METER, name=org.jasig.cas.CentralAuthenticationServiceImpl.VALIDATE_SERVICE_TICKET_METER, count=0, mean_rate=0.0, m1=0.0, m5=0.0, m15=0.0, rate_unit=events/millisecond
type=TIMER, name=org.jasig.cas.CentralAuthenticationServiceImpl.CREATE_TICKET_GRANTING_TICKET_TIMER, count=0, min=0.0, max=0.0, mean=0.0, stddev=0.0, median=0.0, p75=0.0, p95=0.0, p98=0.0, p99=0.0, p999=0.0, mean_rate=0.0, m1=0.0, m5=0.0, m15=0.0, rate_unit=events/millisecond, duration_unit=milliseconds
type=TIMER, name=org.jasig.cas.CentralAuthenticationServiceImpl.DESTROY_TICKET_GRANTING_TICKET_TIMER, count=0, min=0.0, max=0.0, mean=0.0, stddev=0.0, median=0.0, p75=0.0, p95=0.0, p98=0.0, p99=0.0, p999=0.0, mean_rate=0.0, m1=0.0, m5=0.0, m15=0.0, rate_unit=events/millisecond, duration_unit=milliseconds
type=TIMER, name=org.jasig.cas.CentralAuthenticationServiceImpl.GET_TICKETS_TIMER, count=1, min=0.221651, max=0.221651, mean=0.221651, stddev=0.0, median=0.221651, p75=0.221651, p95=0.221651, p98=0.221651, p99=0.221651, p999=0.221651, mean_rate=0.0, m1=0.0, m5=0.0, m15=0.0, rate_unit=events/millisecond, duration_unit=milliseconds
type=TIMER, name=org.jasig.cas.CentralAuthenticationServiceImpl.GET_TICKET_TIMER, count=0, min=0.0, max=0.0, mean=0.0, stddev=0.0, median=0.0, p75=0.0, p95=0.0, p98=0.0, p99=0.0, p999=0.0, mean_rate=0.0, m1=0.0, m5=0.0, m15=0.0, rate_unit=events/millisecond, duration_unit=milliseconds
type=TIMER, name=org.jasig.cas.CentralAuthenticationServiceImpl.GRANT_PROXY_GRANTING_TICKET_TIMER, count=0, min=0.0, max=0.0, mean=0.0, stddev=0.0, median=0.0, p75=0.0, p95=0.0, p98=0.0, p99=0.0, p999=0.0, mean_rate=0.0, m1=0.0, m5=0.0, m15=0.0, rate_unit=events/millisecond, duration_unit=milliseconds
type=TIMER, name=org.jasig.cas.CentralAuthenticationServiceImpl.GRANT_SERVICE_TICKET_TIMER, count=0, min=0.0, max=0.0, mean=0.0, stddev=0.0, median=0.0, p75=0.0, p95=0.0, p98=0.0, p99=0.0, p999=0.0, mean_rate=0.0, m1=0.0, m5=0.0, m15=0.0, rate_unit=events/millisecond, duration_unit=milliseconds
type=TIMER, name=org.jasig.cas.CentralAuthenticationServiceImpl.VALIDATE_SERVICE_TICKET_TIMER, count=0, min=0.0, max=0.0, mean=0.0, stddev=0.0, median=0.0, p75=0.0, p95=0.0, p98=0.0, p99=0.0, p999=0.0, mean_rate=0.0, m1=0.0, m5=0.0, m15=0.0, rate_unit=events/millisecond, duration_unit=milliseconds
type=GAUGE, name=jvm.fd.usage, value=0.00927734375
type=GAUGE, name=jvm.gc.PS-MarkSweep.count, value=3
type=GAUGE, name=jvm.gc.PS-MarkSweep.time, value=427
type=GAUGE, name=jvm.gc.PS-Scavenge.count, value=10
type=GAUGE, name=jvm.gc.PS-Scavenge.time, value=241
type=GAUGE, name=jvm.memory.heap.committed, value=747110400
type=GAUGE, name=jvm.memory.heap.init, value=134217728
type=GAUGE, name=jvm.memory.heap.max, value=1908932608
type=GAUGE, name=jvm.memory.heap.usage, value=0.2176414265537026
type=GAUGE, name=jvm.memory.heap.used, value=415462816
type=GAUGE, name=jvm.memory.non-heap.committed, value=73977856
type=GAUGE, name=jvm.memory.non-heap.init, value=2555904
type=GAUGE, name=jvm.memory.non-heap.max, value=-1
type=GAUGE, name=jvm.memory.non-heap.usage, value=-7.1853512E7
type=GAUGE, name=jvm.memory.non-heap.used, value=71853512
type=GAUGE, name=jvm.memory.pools.Code-Cache.committed, value=19202048
type=GAUGE, name=jvm.memory.pools.Code-Cache.init, value=2555904
type=GAUGE, name=jvm.memory.pools.Code-Cache.max, value=251658240
type=GAUGE, name=jvm.memory.pools.Code-Cache.usage, value=0.0734545389811198
type=GAUGE, name=jvm.memory.pools.Code-Cache.used, value=18485440
type=GAUGE, name=jvm.memory.pools.Compressed-Class-Space.committed, value=6029312
type=GAUGE, name=jvm.memory.pools.Compressed-Class-Space.init, value=0
type=GAUGE, name=jvm.memory.pools.Compressed-Class-Space.max, value=1073741824
type=GAUGE, name=jvm.memory.pools.Compressed-Class-Space.usage, value=0.005346179008483887
type=GAUGE, name=jvm.memory.pools.Compressed-Class-Space.used, value=5740416
type=GAUGE, name=jvm.memory.pools.Metaspace.committed, value=48746496
type=GAUGE, name=jvm.memory.pools.Metaspace.init, value=0
type=GAUGE, name=jvm.memory.pools.Metaspace.max, value=-1
type=GAUGE, name=jvm.memory.pools.Metaspace.usage, value=0.9770477861629275
type=GAUGE, name=jvm.memory.pools.Metaspace.used, value=47627656
type=GAUGE, name=jvm.memory.pools.PS-Eden-Space.committed, value=511705088
type=GAUGE, name=jvm.memory.pools.PS-Eden-Space.init, value=34078720
type=GAUGE, name=jvm.memory.pools.PS-Eden-Space.max, value=627572736
type=GAUGE, name=jvm.memory.pools.PS-Eden-Space.usage, value=0.5545856090217406
type=GAUGE, name=jvm.memory.pools.PS-Eden-Space.used, value=348042808
type=GAUGE, name=jvm.memory.pools.PS-Old-Gen.committed, value=192413696
type=GAUGE, name=jvm.memory.pools.PS-Old-Gen.init, value=89653248
type=GAUGE, name=jvm.memory.pools.PS-Old-Gen.max, value=1431830528
type=GAUGE, name=jvm.memory.pools.PS-Old-Gen.usage, value=0.04708658369938038
type=GAUGE, name=jvm.memory.pools.PS-Old-Gen.used, value=67420008
type=GAUGE, name=jvm.memory.pools.PS-Survivor-Space.committed, value=42991616
type=GAUGE, name=jvm.memory.pools.PS-Survivor-Space.init, value=5242880
type=GAUGE, name=jvm.memory.pools.PS-Survivor-Space.max, value=42991616
type=GAUGE, name=jvm.memory.pools.PS-Survivor-Space.usage, value=0.0
type=GAUGE, name=jvm.memory.pools.PS-Survivor-Space.used, value=0
type=GAUGE, name=jvm.memory.total.committed, value=821088256
type=GAUGE, name=jvm.memory.total.init, value=136773632
type=GAUGE, name=jvm.memory.total.max, value=1908932607
type=GAUGE, name=jvm.memory.total.used, value=487316328
type=GAUGE, name=jvm.thread-states.blocked.count, value=0
type=GAUGE, name=jvm.thread-states.count, value=33
type=GAUGE, name=jvm.thread-states.daemon.count, value=21
type=GAUGE, name=jvm.thread-states.deadlock.count, value=0
type=GAUGE, name=jvm.thread-states.deadlocks, value=[]
type=GAUGE, name=jvm.thread-states.new.count, value=0
type=GAUGE, name=jvm.thread-states.runnable.count, value=11
type=GAUGE, name=jvm.thread-states.terminated.count, value=0
type=GAUGE, name=jvm.thread-states.timed_waiting.count, value=16
type=GAUGE, name=jvm.thread-states.waiting.count, value=6
type=METER, name=org.jasig.cas.CentralAuthenticationServiceImpl.CREATE_TICKET_GRANTING_TICKET_METER, count=0, mean_rate=0.0, m1=0.0, m5=0.0, m15=0.0, rate_unit=events/millisecond
type=METER, name=org.jasig.cas.CentralAuthenticationServiceImpl.DESTROY_TICKET_GRANTING_TICKET_METER, count=0, mean_rate=0.0, m1=0.0, m5=0.0, m15=0.0, rate_unit=events/millisecond
type=METER, name=org.jasig.cas.CentralAuthenticationServiceImpl.GET_TICKETS_METER, count=1, mean_rate=0.0, m1=0.0, m5=0.0, m15=0.0, rate_unit=events/millisecond
type=METER, name=org.jasig.cas.CentralAuthenticationServiceImpl.GET_TICKET_METER, count=0, mean_rate=0.0, m1=0.0, m5=0.0, m15=0.0, rate_unit=events/millisecond
type=METER, name=org.jasig.cas.CentralAuthenticationServiceImpl.GRANT_PROXY_GRANTING_TICKET_METER, count=0, mean_rate=0.0, m1=0.0, m5=0.0, m15=0.0, rate_unit=events/millisecond
type=METER, name=org.jasig.cas.CentralAuthenticationServiceImpl.GRANT_SERVICE_TICKET_METER, count=0, mean_rate=0.0, m1=0.0, m5=0.0, m15=0.0, rate_unit=events/millisecond
type=METER, name=org.jasig.cas.CentralAuthenticationServiceImpl.VALIDATE_SERVICE_TICKET_METER, count=0, mean_rate=0.0, m1=0.0, m5=0.0, m15=0.0, rate_unit=events/millisecond
type=TIMER, name=org.jasig.cas.CentralAuthenticationServiceImpl.CREATE_TICKET_GRANTING_TICKET_TIMER, count=0, min=0.0, max=0.0, mean=0.0, stddev=0.0, median=0.0, p75=0.0, p95=0.0, p98=0.0, p99=0.0, p999=0.0, mean_rate=0.0, m1=0.0, m5=0.0, m15=0.0, rate_unit=events/millisecond, duration_unit=milliseconds
type=TIMER, name=org.jasig.cas.CentralAuthenticationServiceImpl.DESTROY_TICKET_GRANTING_TICKET_TIMER, count=0, min=0.0, max=0.0, mean=0.0, stddev=0.0, median=0.0, p75=0.0, p95=0.0, p98=0.0, p99=0.0, p999=0.0, mean_rate=0.0, m1=0.0, m5=0.0, m15=0.0, rate_unit=events/millisecond, duration_unit=milliseconds
type=TIMER, name=org.jasig.cas.CentralAuthenticationServiceImpl.GET_TICKETS_TIMER, count=1, min=0.221651, max=0.221651, mean=0.221651, stddev=0.0, median=0.221651, p75=0.221651, p95=0.221651, p98=0.221651, p99=0.221651, p999=0.221651, mean_rate=0.0, m1=0.0, m5=0.0, m15=0.0, rate_unit=events/millisecond, duration_unit=milliseconds
type=TIMER, name=org.jasig.cas.CentralAuthenticationServiceImpl.GET_TICKET_TIMER, count=0, min=0.0, max=0.0, mean=0.0, stddev=0.0, median=0.0, p75=0.0, p95=0.0, p98=0.0, p99=0.0, p999=0.0, mean_rate=0.0, m1=0.0, m5=0.0, m15=0.0, rate_unit=events/millisecond, duration_unit=milliseconds
type=TIMER, name=org.jasig.cas.CentralAuthenticationServiceImpl.GRANT_PROXY_GRANTING_TICKET_TIMER, count=0, min=0.0, max=0.0, mean=0.0, stddev=0.0, median=0.0, p75=0.0, p95=0.0, p98=0.0, p99=0.0, p999=0.0, mean_rate=0.0, m1=0.0, m5=0.0, m15=0.0, rate_unit=events/millisecond, duration_unit=milliseconds
type=TIMER, name=org.jasig.cas.CentralAuthenticationServiceImpl.GRANT_SERVICE_TICKET_TIMER, count=0, min=0.0, max=0.0, mean=0.0, stddev=0.0, median=0.0, p75=0.0, p95=0.0, p98=0.0, p99=0.0, p999=0.0, mean_rate=0.0, m1=0.0, m5=0.0, m15=0.0, rate_unit=events/millisecond, duration_unit=milliseconds
type=TIMER, name=org.jasig.cas.CentralAuthenticationServiceImpl.VALIDATE_SERVICE_TICKET_TIMER, count=0, min=0.0, max=0.0, mean=0.0, stddev=0.0, median=0.0, p75=0.0, p95=0.0, p98=0.0, p99=0.0, p999=0.0, mean_rate=0.0, m1=0.0, m5=0.0, m15=0.0, rate_unit=events/millisecond, duration_unit=milliseconds
type=GAUGE, name=jvm.fd.usage, value=0.00927734375
type=GAUGE, name=jvm.gc.PS-MarkSweep.count, value=3
type=GAUGE, name=jvm.gc.PS-MarkSweep.time, value=427
type=GAUGE, name=jvm.gc.PS-Scavenge.count, value=10
type=GAUGE, name=jvm.gc.PS-Scavenge.time, value=241
type=GAUGE, name=jvm.memory.heap.committed, value=747110400
type=GAUGE, name=jvm.memory.heap.init, value=134217728
type=GAUGE, name=jvm.memory.heap.max, value=1908932608
type=GAUGE, name=jvm.memory.heap.usage, value=0.2176414265537026
type=GAUGE, name=jvm.memory.heap.used, value=415462816
type=GAUGE, name=jvm.memory.non-heap.committed, value=73977856
type=GAUGE, name=jvm.memory.non-heap.init, value=2555904
type=GAUGE, name=jvm.memory.non-heap.max, value=-1
type=GAUGE, name=jvm.memory.non-heap.usage, value=-7.1861488E7
type=GAUGE, name=jvm.memory.non-heap.used, value=71861488
type=GAUGE, name=jvm.memory.pools.Code-Cache.committed, value=19202048
type=GAUGE, name=jvm.memory.pools.Code-Cache.init, value=2555904
type=GAUGE, name=jvm.memory.pools.Code-Cache.max, value=251658240
type=GAUGE, name=jvm.memory.pools.Code-Cache.usage, value=0.07348302205403646
type=GAUGE, name=jvm.memory.pools.Code-Cache.used, value=18492608
type=GAUGE, name=jvm.memory.pools.Compressed-Class-Space.committed, value=6029312
type=GAUGE, name=jvm.memory.pools.Compressed-Class-Space.init, value=0
type=GAUGE, name=jvm.memory.pools.Compressed-Class-Space.max, value=1073741824
type=GAUGE, name=jvm.memory.pools.Compressed-Class-Space.usage, value=0.005346179008483887
type=GAUGE, name=jvm.memory.pools.Compressed-Class-Space.used, value=5740416
type=GAUGE, name=jvm.memory.pools.Metaspace.committed, value=48746496
type=GAUGE, name=jvm.memory.pools.Metaspace.init, value=0
type=GAUGE, name=jvm.memory.pools.Metaspace.max, value=-1
type=GAUGE, name=jvm.memory.pools.Metaspace.usage, value=0.9770643617133014
type=GAUGE, name=jvm.memory.pools.Metaspace.used, value=47628464
type=GAUGE, name=jvm.memory.pools.PS-Eden-Space.committed, value=511705088
type=GAUGE, name=jvm.memory.pools.PS-Eden-Space.init, value=34078720
type=GAUGE, name=jvm.memory.pools.PS-Eden-Space.max, value=627572736
type=GAUGE, name=jvm.memory.pools.PS-Eden-Space.usage, value=0.5545856090217406
type=GAUGE, name=jvm.memory.pools.PS-Eden-Space.used, value=348042808
type=GAUGE, name=jvm.memory.pools.PS-Old-Gen.committed, value=192413696
type=GAUGE, name=jvm.memory.pools.PS-Old-Gen.init, value=89653248
type=GAUGE, name=jvm.memory.pools.PS-Old-Gen.max, value=1431830528
type=GAUGE, name=jvm.memory.pools.PS-Old-Gen.usage, value=0.04708658369938038
type=GAUGE, name=jvm.memory.pools.PS-Old-Gen.used, value=67420008
type=GAUGE, name=jvm.memory.pools.PS-Survivor-Space.committed, value=42991616
type=GAUGE, name=jvm.memory.pools.PS-Survivor-Space.init, value=5242880
type=GAUGE, name=jvm.memory.pools.PS-Survivor-Space.max, value=42991616
type=GAUGE, name=jvm.memory.pools.PS-Survivor-Space.usage, value=0.0
type=GAUGE, name=jvm.memory.pools.PS-Survivor-Space.used, value=0
type=GAUGE, name=jvm.memory.total.committed, value=821088256
type=GAUGE, name=jvm.memory.total.init, value=136773632
type=GAUGE, name=jvm.memory.total.max, value=1908932607
type=GAUGE, name=jvm.memory.total.used, value=487324304
type=GAUGE, name=jvm.thread-states.blocked.count, value=0
type=GAUGE, name=jvm.thread-states.count, value=33
type=GAUGE, name=jvm.thread-states.daemon.count, value=21
type=GAUGE, name=jvm.thread-states.deadlock.count, value=0
type=GAUGE, name=jvm.thread-states.deadlocks, value=[]
type=GAUGE, name=jvm.thread-states.new.count, value=0
type=GAUGE, name=jvm.thread-states.runnable.count, value=11
type=GAUGE, name=jvm.thread-states.terminated.count, value=0
type=GAUGE, name=jvm.thread-states.timed_waiting.count, value=16
type=GAUGE, name=jvm.thread-states.waiting.count, value=6
type=METER, name=org.jasig.cas.CentralAuthenticationServiceImpl.CREATE_TICKET_GRANTING_TICKET_METER, count=0, mean_rate=0.0, m1=0.0, m5=0.0, m15=0.0, rate_unit=events/millisecond
type=METER, name=org.jasig.cas.CentralAuthenticationServiceImpl.DESTROY_TICKET_GRANTING_TICKET_METER, count=0, mean_rate=0.0, m1=0.0, m5=0.0, m15=0.0, rate_unit=events/millisecond
type=METER, name=org.jasig.cas.CentralAuthenticationServiceImpl.GET_TICKETS_METER, count=1, mean_rate=0.0, m1=0.0, m5=0.0, m15=0.0, rate_unit=events/millisecond
type=METER, name=org.jasig.cas.CentralAuthenticationServiceImpl.GET_TICKET_METER, count=0, mean_rate=0.0, m1=0.0, m5=0.0, m15=0.0, rate_unit=events/millisecond
type=METER, name=org.jasig.cas.CentralAuthenticationServiceImpl.GRANT_PROXY_GRANTING_TICKET_METER, count=0, mean_rate=0.0, m1=0.0, m5=0.0, m15=0.0, rate_unit=events/millisecond
type=METER, name=org.jasig.cas.CentralAuthenticationServiceImpl.GRANT_SERVICE_TICKET_METER, count=0, mean_rate=0.0, m1=0.0, m5=0.0, m15=0.0, rate_unit=events/millisecond
type=METER, name=org.jasig.cas.CentralAuthenticationServiceImpl.VALIDATE_SERVICE_TICKET_METER, count=0, mean_rate=0.0, m1=0.0, m5=0.0, m15=0.0, rate_unit=events/millisecond
type=TIMER, name=org.jasig.cas.CentralAuthenticationServiceImpl.CREATE_TICKET_GRANTING_TICKET_TIMER, count=0, min=0.0, max=0.0, mean=0.0, stddev=0.0, median=0.0, p75=0.0, p95=0.0, p98=0.0, p99=0.0, p999=0.0, mean_rate=0.0, m1=0.0, m5=0.0, m15=0.0, rate_unit=events/millisecond, duration_unit=milliseconds
type=TIMER, name=org.jasig.cas.CentralAuthenticationServiceImpl.DESTROY_TICKET_GRANTING_TICKET_TIMER, count=0, min=0.0, max=0.0, mean=0.0, stddev=0.0, median=0.0, p75=0.0, p95=0.0, p98=0.0, p99=0.0, p999=0.0, mean_rate=0.0, m1=0.0, m5=0.0, m15=0.0, rate_unit=events/millisecond, duration_unit=milliseconds
type=TIMER, name=org.jasig.cas.CentralAuthenticationServiceImpl.GET_TICKETS_TIMER, count=1, min=0.221651, max=0.221651, mean=0.221651, stddev=0.0, median=0.221651, p75=0.221651, p95=0.221651, p98=0.221651, p99=0.221651, p999=0.221651, mean_rate=0.0, m1=0.0, m5=0.0, m15=0.0, rate_unit=events/millisecond, duration_unit=milliseconds
type=TIMER, name=org.jasig.cas.CentralAuthenticationServiceImpl.GET_TICKET_TIMER, count=0, min=0.0, max=0.0, mean=0.0, stddev=0.0, median=0.0, p75=0.0, p95=0.0, p98=0.0, p99=0.0, p999=0.0, mean_rate=0.0, m1=0.0, m5=0.0, m15=0.0, rate_unit=events/millisecond, duration_unit=milliseconds
type=TIMER, name=org.jasig.cas.CentralAuthenticationServiceImpl.GRANT_PROXY_GRANTING_TICKET_TIMER, count=0, min=0.0, max=0.0, mean=0.0, stddev=0.0, median=0.0, p75=0.0, p95=0.0, p98=0.0, p99=0.0, p999=0.0, mean_rate=0.0, m1=0.0, m5=0.0, m15=0.0, rate_unit=events/millisecond, duration_unit=milliseconds
type=TIMER, name=org.jasig.cas.CentralAuthenticationServiceImpl.GRANT_SERVICE_TICKET_TIMER, count=0, min=0.0, max=0.0, mean=0.0, stddev=0.0, median=0.0, p75=0.0, p95=0.0, p98=0.0, p99=0.0, p999=0.0, mean_rate=0.0, m1=0.0, m5=0.0, m15=0.0, rate_unit=events/millisecond, duration_unit=milliseconds
type=TIMER, name=org.jasig.cas.CentralAuthenticationServiceImpl.VALIDATE_SERVICE_TICKET_TIMER, count=0, min=0.0, max=0.0, mean=0.0, stddev=0.0, median=0.0, p75=0.0, p95=0.0, p98=0.0, p99=0.0, p999=0.0, mean_rate=0.0, m1=0.0, m5=0.0, m15=0.0, rate_unit=events/millisecond, duration_unit=milliseconds
type=GAUGE, name=jvm.fd.usage, value=0.00927734375
type=GAUGE, name=jvm.gc.PS-MarkSweep.count, value=3
type=GAUGE, name=jvm.gc.PS-MarkSweep.time, value=427
type=GAUGE, name=jvm.gc.PS-Scavenge.count, value=10
type=GAUGE, name=jvm.gc.PS-Scavenge.time, value=241
type=GAUGE, name=jvm.memory.heap.committed, value=747110400
type=GAUGE, name=jvm.memory.heap.init, value=134217728
type=GAUGE, name=jvm.memory.heap.max, value=1908932608
type=GAUGE, name=jvm.memory.heap.usage, value=0.2176414265537026
type=GAUGE, name=jvm.memory.heap.used, value=415462816
type=GAUGE, name=jvm.memory.non-heap.committed, value=73977856
type=GAUGE, name=jvm.memory.non-heap.init, value=2555904
type=GAUGE, name=jvm.memory.non-heap.max, value=-1
type=GAUGE, name=jvm.memory.non-heap.usage, value=-7.1862576E7
type=GAUGE, name=jvm.memory.non-heap.used, value=71862576
type=GAUGE, name=jvm.memory.pools.Code-Cache.committed, value=19202048
type=GAUGE, name=jvm.memory.pools.Code-Cache.init, value=2555904
type=GAUGE, name=jvm.memory.pools.Code-Cache.max, value=251658240
type=GAUGE, name=jvm.memory.pools.Code-Cache.usage, value=0.07348734537760417
type=GAUGE, name=jvm.memory.pools.Code-Cache.used, value=18493696
type=GAUGE, name=jvm.memory.pools.Compressed-Class-Space.committed, value=6029312
type=GAUGE, name=jvm.memory.pools.Compressed-Class-Space.init, value=0
type=GAUGE, name=jvm.memory.pools.Compressed-Class-Space.max, value=1073741824
type=GAUGE, name=jvm.memory.pools.Compressed-Class-Space.usage, value=0.005346179008483887
type=GAUGE, name=jvm.memory.pools.Compressed-Class-Space.used, value=5740416
type=GAUGE, name=jvm.memory.pools.Metaspace.committed, value=48746496
type=GAUGE, name=jvm.memory.pools.Metaspace.init, value=0
type=GAUGE, name=jvm.memory.pools.Metaspace.max, value=-1
type=GAUGE, name=jvm.memory.pools.Metaspace.usage, value=0.9770643617133014
type=GAUGE, name=jvm.memory.pools.Metaspace.used, value=47628464
type=GAUGE, name=jvm.memory.pools.PS-Eden-Space.committed, value=511705088
type=GAUGE, name=jvm.memory.pools.PS-Eden-Space.init, value=34078720
type=GAUGE, name=jvm.memory.pools.PS-Eden-Space.max, value=627572736
type=GAUGE, name=jvm.memory.pools.PS-Eden-Space.usage, value=0.5545856090217406
type=GAUGE, name=jvm.memory.pools.PS-Eden-Space.used, value=348042808
type=GAUGE, name=jvm.memory.pools.PS-Old-Gen.committed, value=192413696
type=GAUGE, name=jvm.memory.pools.PS-Old-Gen.init, value=89653248
type=GAUGE, name=jvm.memory.pools.PS-Old-Gen.max, value=1431830528
type=GAUGE, name=jvm.memory.pools.PS-Old-Gen.usage, value=0.04708658369938038
type=GAUGE, name=jvm.memory.pools.PS-Old-Gen.used, value=67420008
type=GAUGE, name=jvm.memory.pools.PS-Survivor-Space.committed, value=42991616
type=GAUGE, name=jvm.memory.pools.PS-Survivor-Space.init, value=5242880
type=GAUGE, name=jvm.memory.pools.PS-Survivor-Space.max, value=42991616
type=GAUGE, name=jvm.memory.pools.PS-Survivor-Space.usage, value=0.0
type=GAUGE, name=jvm.memory.pools.PS-Survivor-Space.used, value=0
type=GAUGE, name=jvm.memory.total.committed, value=821088256
type=GAUGE, name=jvm.memory.total.init, value=136773632
type=GAUGE, name=jvm.memory.total.max, value=1908932607
type=GAUGE, name=jvm.memory.total.used, value=487325392
type=GAUGE, name=jvm.thread-states.blocked.count, value=0
type=GAUGE, name=jvm.thread-states.count, value=33
type=GAUGE, name=jvm.thread-states.daemon.count, value=21
type=GAUGE, name=jvm.thread-states.deadlock.count, value=0
type=GAUGE, name=jvm.thread-states.deadlocks, value=[]
type=GAUGE, name=jvm.thread-states.new.count, value=0
type=GAUGE, name=jvm.thread-states.runnable.count, value=11
type=GAUGE, name=jvm.thread-states.terminated.count, value=0
type=GAUGE, name=jvm.thread-states.timed_waiting.count, value=16
type=GAUGE, name=jvm.thread-states.waiting.count, value=6
type=METER, name=org.jasig.cas.CentralAuthenticationServiceImpl.CREATE_TICKET_GRANTING_TICKET_METER, count=0, mean_rate=0.0, m1=0.0, m5=0.0, m15=0.0, rate_unit=events/millisecond
type=METER, name=org.jasig.cas.CentralAuthenticationServiceImpl.DESTROY_TICKET_GRANTING_TICKET_METER, count=0, mean_rate=0.0, m1=0.0, m5=0.0, m15=0.0, rate_unit=events/millisecond
type=METER, name=org.jasig.cas.CentralAuthenticationServiceImpl.GET_TICKETS_METER, count=1, mean_rate=0.0, m1=0.0, m5=0.0, m15=0.0, rate_unit=events/millisecond
type=METER, name=org.jasig.cas.CentralAuthenticationServiceImpl.GET_TICKET_METER, count=0, mean_rate=0.0, m1=0.0, m5=0.0, m15=0.0, rate_unit=events/millisecond
type=METER, name=org.jasig.cas.CentralAuthenticationServiceImpl.GRANT_PROXY_GRANTING_TICKET_METER, count=0, mean_rate=0.0, m1=0.0, m5=0.0, m15=0.0, rate_unit=events/millisecond
type=METER, name=org.jasig.cas.CentralAuthenticationServiceImpl.GRANT_SERVICE_TICKET_METER, count=0, mean_rate=0.0, m1=0.0, m5=0.0, m15=0.0, rate_unit=events/millisecond
type=METER, name=org.jasig.cas.CentralAuthenticationServiceImpl.VALIDATE_SERVICE_TICKET_METER, count=0, mean_rate=0.0, m1=0.0, m5=0.0, m15=0.0, rate_unit=events/millisecond
type=TIMER, name=org.jasig.cas.CentralAuthenticationServiceImpl.CREATE_TICKET_GRANTING_TICKET_TIMER, count=0, min=0.0, max=0.0, mean=0.0, stddev=0.0, median=0.0, p75=0.0, p95=0.0, p98=0.0, p99=0.0, p999=0.0, mean_rate=0.0, m1=0.0, m5=0.0, m15=0.0, rate_unit=events/millisecond, duration_unit=milliseconds
type=TIMER, name=org.jasig.cas.CentralAuthenticationServiceImpl.DESTROY_TICKET_GRANTING_TICKET_TIMER, count=0, min=0.0, max=0.0, mean=0.0, stddev=0.0, median=0.0, p75=0.0, p95=0.0, p98=0.0, p99=0.0, p999=0.0, mean_rate=0.0, m1=0.0, m5=0.0, m15=0.0, rate_unit=events/millisecond, duration_unit=milliseconds
type=TIMER, name=org.jasig.cas.CentralAuthenticationServiceImpl.GET_TICKETS_TIMER, count=1, min=0.221651, max=0.221651, mean=0.221651, stddev=0.0, median=0.221651, p75=0.221651, p95=0.221651, p98=0.221651, p99=0.221651, p999=0.221651, mean_rate=0.0, m1=0.0, m5=0.0, m15=0.0, rate_unit=events/millisecond, duration_unit=milliseconds
type=TIMER, name=org.jasig.cas.CentralAuthenticationServiceImpl.GET_TICKET_TIMER, count=0, min=0.0, max=0.0, mean=0.0, stddev=0.0, median=0.0, p75=0.0, p95=0.0, p98=0.0, p99=0.0, p999=0.0, mean_rate=0.0, m1=0.0, m5=0.0, m15=0.0, rate_unit=events/millisecond, duration_unit=milliseconds
type=TIMER, name=org.jasig.cas.CentralAuthenticationServiceImpl.GRANT_PROXY_GRANTING_TICKET_TIMER, count=0, min=0.0, max=0.0, mean=0.0, stddev=0.0, median=0.0, p75=0.0, p95=0.0, p98=0.0, p99=0.0, p999=0.0, mean_rate=0.0, m1=0.0, m5=0.0, m15=0.0, rate_unit=events/millisecond, duration_unit=milliseconds
type=TIMER, name=org.jasig.cas.CentralAuthenticationServiceImpl.GRANT_SERVICE_TICKET_TIMER, count=0, min=0.0, max=0.0, mean=0.0, stddev=0.0, median=0.0, p75=0.0, p95=0.0, p98=0.0, p99=0.0, p999=0.0, mean_rate=0.0, m1=0.0, m5=0.0, m15=0.0, rate_unit=events/millisecond, duration_unit=milliseconds
type=TIMER, name=org.jasig.cas.CentralAuthenticationServiceImpl.VALIDATE_SERVICE_TICKET_TIMER, count=0, min=0.0, max=0.0, mean=0.0, stddev=0.0, median=0.0, p75=0.0, p95=0.0, p98=0.0, p99=0.0, p999=0.0, mean_rate=0.0, m1=0.0, m5=0.0, m15=0.0, rate_unit=events/millisecond, duration_unit=milliseconds
type=GAUGE, name=jvm.fd.usage, value=0.00927734375
type=GAUGE, name=jvm.gc.PS-MarkSweep.count, value=3
type=GAUGE, name=jvm.gc.PS-MarkSweep.time, value=427
type=GAUGE, name=jvm.gc.PS-Scavenge.count, value=10
type=GAUGE, name=jvm.gc.PS-Scavenge.time, value=241
type=GAUGE, name=jvm.memory.heap.committed, value=747110400
type=GAUGE, name=jvm.memory.heap.init, value=134217728
type=GAUGE, name=jvm.memory.heap.max, value=1908932608
type=GAUGE, name=jvm.memory.heap.usage, value=0.2176414265537026
type=GAUGE, name=jvm.memory.heap.used, value=415462816
type=GAUGE, name=jvm.memory.non-heap.committed, value=73977856
type=GAUGE, name=jvm.memory.non-heap.init, value=2555904
type=GAUGE, name=jvm.memory.non-heap.max, value=-1
type=GAUGE, name=jvm.memory.non-heap.usage, value=-7.1907984E7
type=GAUGE, name=jvm.memory.non-heap.used, value=71907984
type=GAUGE, name=jvm.memory.pools.Code-Cache.committed, value=19202048
type=GAUGE, name=jvm.memory.pools.Code-Cache.init, value=2555904
type=GAUGE, name=jvm.memory.pools.Code-Cache.max, value=251658240
type=GAUGE, name=jvm.memory.pools.Code-Cache.usage, value=0.07365468343098959
type=GAUGE, name=jvm.memory.pools.Code-Cache.used, value=18535808
type=GAUGE, name=jvm.memory.pools.Compressed-Class-Space.committed, value=6029312
type=GAUGE, name=jvm.memory.pools.Compressed-Class-Space.init, value=0
type=GAUGE, name=jvm.memory.pools.Compressed-Class-Space.max, value=1073741824
type=GAUGE, name=jvm.memory.pools.Compressed-Class-Space.usage, value=0.005346179008483887
type=GAUGE, name=jvm.memory.pools.Compressed-Class-Space.used, value=5740416
type=GAUGE, name=jvm.memory.pools.Metaspace.committed, value=48746496
type=GAUGE, name=jvm.memory.pools.Metaspace.init, value=0
type=GAUGE, name=jvm.memory.pools.Metaspace.max, value=-1
type=GAUGE, name=jvm.memory.pools.Metaspace.usage, value=0.9771319768296782
type=GAUGE, name=jvm.memory.pools.Metaspace.used, value=47631760
type=GAUGE, name=jvm.memory.pools.PS-Eden-Space.committed, value=511705088
type=GAUGE, name=jvm.memory.pools.PS-Eden-Space.init, value=34078720
type=GAUGE, name=jvm.memory.pools.PS-Eden-Space.max, value=627572736
type=GAUGE, name=jvm.memory.pools.PS-Eden-Space.usage, value=0.5545856090217406
type=GAUGE, name=jvm.memory.pools.PS-Eden-Space.used, value=348042808
type=GAUGE, name=jvm.memory.pools.PS-Old-Gen.committed, value=192413696
type=GAUGE, name=jvm.memory.pools.PS-Old-Gen.init, value=89653248
type=GAUGE, name=jvm.memory.pools.PS-Old-Gen.max, value=1431830528
type=GAUGE, name=jvm.memory.pools.PS-Old-Gen.usage, value=0.04708658369938038
type=GAUGE, name=jvm.memory.pools.PS-Old-Gen.used, value=67420008
type=GAUGE, name=jvm.memory.pools.PS-Survivor-Space.committed, value=42991616
type=GAUGE, name=jvm.memory.pools.PS-Survivor-Space.init, value=5242880
type=GAUGE, name=jvm.memory.pools.PS-Survivor-Space.max, value=42991616
type=GAUGE, name=jvm.memory.pools.PS-Survivor-Space.usage, value=0.0
type=GAUGE, name=jvm.memory.pools.PS-Survivor-Space.used, value=0
type=GAUGE, name=jvm.memory.total.committed, value=821088256
type=GAUGE, name=jvm.memory.total.init, value=136773632
type=GAUGE, name=jvm.memory.total.max, value=1908932607
type=GAUGE, name=jvm.memory.total.used, value=487370800
type=GAUGE, name=jvm.thread-states.blocked.count, value=0
type=GAUGE, name=jvm.thread-states.count, value=33
type=GAUGE, name=jvm.thread-states.daemon.count, value=21
type=GAUGE, name=jvm.thread-states.deadlock.count, value=0
type=GAUGE, name=jvm.thread-states.deadlocks, value=[]
type=GAUGE, name=jvm.thread-states.new.count, value=0
type=GAUGE, name=jvm.thread-states.runnable.count, value=11
type=GAUGE, name=jvm.thread-states.terminated.count, value=0
type=GAUGE, name=jvm.thread-states.timed_waiting.count, value=16
type=GAUGE, name=jvm.thread-states.waiting.count, value=6
type=METER, name=org.jasig.cas.CentralAuthenticationServiceImpl.CREATE_TICKET_GRANTING_TICKET_METER, count=0, mean_rate=0.0, m1=0.0, m5=0.0, m15=0.0, rate_unit=events/millisecond
type=METER, name=org.jasig.cas.CentralAuthenticationServiceImpl.DESTROY_TICKET_GRANTING_TICKET_METER, count=0, mean_rate=0.0, m1=0.0, m5=0.0, m15=0.0, rate_unit=events/millisecond
type=METER, name=org.jasig.cas.CentralAuthenticationServiceImpl.GET_TICKETS_METER, count=1, mean_rate=0.0, m1=0.0, m5=0.0, m15=0.0, rate_unit=events/millisecond
type=METER, name=org.jasig.cas.CentralAuthenticationServiceImpl.GET_TICKET_METER, count=0, mean_rate=0.0, m1=0.0, m5=0.0, m15=0.0, rate_unit=events/millisecond
type=METER, name=org.jasig.cas.CentralAuthenticationServiceImpl.GRANT_PROXY_GRANTING_TICKET_METER, count=0, mean_rate=0.0, m1=0.0, m5=0.0, m15=0.0, rate_unit=events/millisecond
type=METER, name=org.jasig.cas.CentralAuthenticationServiceImpl.GRANT_SERVICE_TICKET_METER, count=0, mean_rate=0.0, m1=0.0, m5=0.0, m15=0.0, rate_unit=events/millisecond
type=METER, name=org.jasig.cas.CentralAuthenticationServiceImpl.VALIDATE_SERVICE_TICKET_METER, count=0, mean_rate=0.0, m1=0.0, m5=0.0, m15=0.0, rate_unit=events/millisecond
type=TIMER, name=org.jasig.cas.CentralAuthenticationServiceImpl.CREATE_TICKET_GRANTING_TICKET_TIMER, count=0, min=0.0, max=0.0, mean=0.0, stddev=0.0, median=0.0, p75=0.0, p95=0.0, p98=0.0, p99=0.0, p999=0.0, mean_rate=0.0, m1=0.0, m5=0.0, m15=0.0, rate_unit=events/millisecond, duration_unit=milliseconds
type=TIMER, name=org.jasig.cas.CentralAuthenticationServiceImpl.DESTROY_TICKET_GRANTING_TICKET_TIMER, count=0, min=0.0, max=0.0, mean=0.0, stddev=0.0, median=0.0, p75=0.0, p95=0.0, p98=0.0, p99=0.0, p999=0.0, mean_rate=0.0, m1=0.0, m5=0.0, m15=0.0, rate_unit=events/millisecond, duration_unit=milliseconds
type=TIMER, name=org.jasig.cas.CentralAuthenticationServiceImpl.GET_TICKETS_TIMER, count=1, min=0.221651, max=0.221651, mean=0.221651, stddev=0.0, median=0.221651, p75=0.221651, p95=0.221651, p98=0.221651, p99=0.221651, p999=0.221651, mean_rate=0.0, m1=0.0, m5=0.0, m15=0.0, rate_unit=events/millisecond, duration_unit=milliseconds
type=TIMER, name=org.jasig.cas.CentralAuthenticationServiceImpl.GET_TICKET_TIMER, count=0, min=0.0, max=0.0, mean=0.0, stddev=0.0, median=0.0, p75=0.0, p95=0.0, p98=0.0, p99=0.0, p999=0.0, mean_rate=0.0, m1=0.0, m5=0.0, m15=0.0, rate_unit=events/millisecond, duration_unit=milliseconds
type=TIMER, name=org.jasig.cas.CentralAuthenticationServiceImpl.GRANT_PROXY_GRANTING_TICKET_TIMER, count=0, min=0.0, max=0.0, mean=0.0, stddev=0.0, median=0.0, p75=0.0, p95=0.0, p98=0.0, p99=0.0, p999=0.0, mean_rate=0.0, m1=0.0, m5=0.0, m15=0.0, rate_unit=events/millisecond, duration_unit=milliseconds
type=TIMER, name=org.jasig.cas.CentralAuthenticationServiceImpl.GRANT_SERVICE_TICKET_TIMER, count=0, min=0.0, max=0.0, mean=0.0, stddev=0.0, median=0.0, p75=0.0, p95=0.0, p98=0.0, p99=0.0, p999=0.0, mean_rate=0.0, m1=0.0, m5=0.0, m15=0.0, rate_unit=events/millisecond, duration_unit=milliseconds
type=TIMER, name=org.jasig.cas.CentralAuthenticationServiceImpl.VALIDATE_SERVICE_TICKET_TIMER, count=0, min=0.0, max=0.0, mean=0.0, stddev=0.0, median=0.0, p75=0.0, p95=0.0, p98=0.0, p99=0.0, p999=0.0, mean_rate=0.0, m1=0.0, m5=0.0, m15=0.0, rate_unit=events/millisecond, duration_unit=milliseconds
type=GAUGE, name=jvm.fd.usage, value=0.00927734375
type=GAUGE, name=jvm.gc.PS-MarkSweep.count, value=3
type=GAUGE, name=jvm.gc.PS-MarkSweep.time, value=427
type=GAUGE, name=jvm.gc.PS-Scavenge.count, value=10
type=GAUGE, name=jvm.gc.PS-Scavenge.time, value=241
type=GAUGE, name=jvm.memory.heap.committed, value=747110400
type=GAUGE, name=jvm.memory.heap.init, value=134217728
type=GAUGE, name=jvm.memory.heap.max, value=1908932608
type=GAUGE, name=jvm.memory.heap.usage, value=0.2176414265537026
type=GAUGE, name=jvm.memory.heap.used, value=415462816
type=GAUGE, name=jvm.memory.non-heap.committed, value=73977856
type=GAUGE, name=jvm.memory.non-heap.init, value=2555904
type=GAUGE, name=jvm.memory.non-heap.max, value=-1
type=GAUGE, name=jvm.memory.non-heap.usage, value=-7.1910528E7
type=GAUGE, name=jvm.memory.non-heap.used, value=71910528
type=GAUGE, name=jvm.memory.pools.Code-Cache.committed, value=19202048
type=GAUGE, name=jvm.memory.pools.Code-Cache.init, value=2555904
type=GAUGE, name=jvm.memory.pools.Code-Cache.max, value=251658240
type=GAUGE, name=jvm.memory.pools.Code-Cache.usage, value=0.07361806233723958
type=GAUGE, name=jvm.memory.pools.Code-Cache.used, value=18526592
type=GAUGE, name=jvm.memory.pools.Compressed-Class-Space.committed, value=6029312
type=GAUGE, name=jvm.memory.pools.Compressed-Class-Space.init, value=0
type=GAUGE, name=jvm.memory.pools.Compressed-Class-Space.max, value=1073741824
type=GAUGE, name=jvm.memory.pools.Compressed-Class-Space.usage, value=0.00534723699092865
type=GAUGE, name=jvm.memory.pools.Compressed-Class-Space.used, value=5741552
type=GAUGE, name=jvm.memory.pools.Metaspace.committed, value=48746496
type=GAUGE, name=jvm.memory.pools.Metaspace.init, value=0
type=GAUGE, name=jvm.memory.pools.Metaspace.max, value=-1
type=GAUGE, name=jvm.memory.pools.Metaspace.usage, value=0.9773499206999412
type=GAUGE, name=jvm.memory.pools.Metaspace.used, value=47642384
type=GAUGE, name=jvm.memory.pools.PS-Eden-Space.committed, value=511705088
type=GAUGE, name=jvm.memory.pools.PS-Eden-Space.init, value=34078720
type=GAUGE, name=jvm.memory.pools.PS-Eden-Space.max, value=627572736
type=GAUGE, name=jvm.memory.pools.PS-Eden-Space.usage, value=0.5545856090217406
type=GAUGE, name=jvm.memory.pools.PS-Eden-Space.used, value=348042808
type=GAUGE, name=jvm.memory.pools.PS-Old-Gen.committed, value=192413696
type=GAUGE, name=jvm.memory.pools.PS-Old-Gen.init, value=89653248
type=GAUGE, name=jvm.memory.pools.PS-Old-Gen.max, value=1431830528
type=GAUGE, name=jvm.memory.pools.PS-Old-Gen.usage, value=0.04708658369938038
type=GAUGE, name=jvm.memory.pools.PS-Old-Gen.used, value=67420008
type=GAUGE, name=jvm.memory.pools.PS-Survivor-Space.committed, value=42991616
type=GAUGE, name=jvm.memory.pools.PS-Survivor-Space.init, value=5242880
type=GAUGE, name=jvm.memory.pools.PS-Survivor-Space.max, value=42991616
type=GAUGE, name=jvm.memory.pools.PS-Survivor-Space.usage, value=0.0
type=GAUGE, name=jvm.memory.pools.PS-Survivor-Space.used, value=0
type=GAUGE, name=jvm.memory.total.committed, value=821088256
type=GAUGE, name=jvm.memory.total.init, value=136773632
type=GAUGE, name=jvm.memory.total.max, value=1908932607
type=GAUGE, name=jvm.memory.total.used, value=487373344
type=GAUGE, name=jvm.thread-states.blocked.count, value=0
type=GAUGE, name=jvm.thread-states.count, value=33
type=GAUGE, name=jvm.thread-states.daemon.count, value=21
type=GAUGE, name=jvm.thread-states.deadlock.count, value=0
type=GAUGE, name=jvm.thread-states.deadlocks, value=[]
type=GAUGE, name=jvm.thread-states.new.count, value=0
type=GAUGE, name=jvm.thread-states.runnable.count, value=11
type=GAUGE, name=jvm.thread-states.terminated.count, value=0
type=GAUGE, name=jvm.thread-states.timed_waiting.count, value=16
type=GAUGE, name=jvm.thread-states.waiting.count, value=6
type=METER, name=org.jasig.cas.CentralAuthenticationServiceImpl.CREATE_TICKET_GRANTING_TICKET_METER, count=0, mean_rate=0.0, m1=0.0, m5=0.0, m15=0.0, rate_unit=events/millisecond
type=METER, name=org.jasig.cas.CentralAuthenticationServiceImpl.DESTROY_TICKET_GRANTING_TICKET_METER, count=0, mean_rate=0.0, m1=0.0, m5=0.0, m15=0.0, rate_unit=events/millisecond
type=METER, name=org.jasig.cas.CentralAuthenticationServiceImpl.GET_TICKETS_METER, count=1, mean_rate=0.0, m1=0.0, m5=0.0, m15=0.0, rate_unit=events/millisecond
type=METER, name=org.jasig.cas.CentralAuthenticationServiceImpl.GET_TICKET_METER, count=0, mean_rate=0.0, m1=0.0, m5=0.0, m15=0.0, rate_unit=events/millisecond
type=METER, name=org.jasig.cas.CentralAuthenticationServiceImpl.GRANT_PROXY_GRANTING_TICKET_METER, count=0, mean_rate=0.0, m1=0.0, m5=0.0, m15=0.0, rate_unit=events/millisecond
type=METER, name=org.jasig.cas.CentralAuthenticationServiceImpl.GRANT_SERVICE_TICKET_METER, count=0, mean_rate=0.0, m1=0.0, m5=0.0, m15=0.0, rate_unit=events/millisecond
type=METER, name=org.jasig.cas.CentralAuthenticationServiceImpl.VALIDATE_SERVICE_TICKET_METER, count=0, mean_rate=0.0, m1=0.0, m5=0.0, m15=0.0, rate_unit=events/millisecond
type=TIMER, name=org.jasig.cas.CentralAuthenticationServiceImpl.CREATE_TICKET_GRANTING_TICKET_TIMER, count=0, min=0.0, max=0.0, mean=0.0, stddev=0.0, median=0.0, p75=0.0, p95=0.0, p98=0.0, p99=0.0, p999=0.0, mean_rate=0.0, m1=0.0, m5=0.0, m15=0.0, rate_unit=events/millisecond, duration_unit=milliseconds
type=TIMER, name=org.jasig.cas.CentralAuthenticationServiceImpl.DESTROY_TICKET_GRANTING_TICKET_TIMER, count=0, min=0.0, max=0.0, mean=0.0, stddev=0.0, median=0.0, p75=0.0, p95=0.0, p98=0.0, p99=0.0, p999=0.0, mean_rate=0.0, m1=0.0, m5=0.0, m15=0.0, rate_unit=events/millisecond, duration_unit=milliseconds
type=TIMER, name=org.jasig.cas.CentralAuthenticationServiceImpl.GET_TICKETS_TIMER, count=1, min=0.221651, max=0.221651, mean=0.221651, stddev=0.0, median=0.221651, p75=0.221651, p95=0.221651, p98=0.221651, p99=0.221651, p999=0.221651, mean_rate=0.0, m1=0.0, m5=0.0, m15=0.0, rate_unit=events/millisecond, duration_unit=milliseconds
type=TIMER, name=org.jasig.cas.CentralAuthenticationServiceImpl.GET_TICKET_TIMER, count=0, min=0.0, max=0.0, mean=0.0, stddev=0.0, median=0.0, p75=0.0, p95=0.0, p98=0.0, p99=0.0, p999=0.0, mean_rate=0.0, m1=0.0, m5=0.0, m15=0.0, rate_unit=events/millisecond, duration_unit=milliseconds
type=TIMER, name=org.jasig.cas.CentralAuthenticationServiceImpl.GRANT_PROXY_GRANTING_TICKET_TIMER, count=0, min=0.0, max=0.0, mean=0.0, stddev=0.0, median=0.0, p75=0.0, p95=0.0, p98=0.0, p99=0.0, p999=0.0, mean_rate=0.0, m1=0.0, m5=0.0, m15=0.0, rate_unit=events/millisecond, duration_unit=milliseconds
type=TIMER, name=org.jasig.cas.CentralAuthenticationServiceImpl.GRANT_SERVICE_TICKET_TIMER, count=0, min=0.0, max=0.0, mean=0.0, stddev=0.0, median=0.0, p75=0.0, p95=0.0, p98=0.0, p99=0.0, p999=0.0, mean_rate=0.0, m1=0.0, m5=0.0, m15=0.0, rate_unit=events/millisecond, duration_unit=milliseconds
type=TIMER, name=org.jasig.cas.CentralAuthenticationServiceImpl.VALIDATE_SERVICE_TICKET_TIMER, count=0, min=0.0, max=0.0, mean=0.0, stddev=0.0, median=0.0, p75=0.0, p95=0.0, p98=0.0, p99=0.0, p999=0.0, mean_rate=0.0, m1=0.0, m5=0.0, m15=0.0, rate_unit=events/millisecond, duration_unit=milliseconds
type=GAUGE, name=jvm.fd.usage, value=0.009375
type=GAUGE, name=jvm.gc.PS-MarkSweep.count, value=3
type=GAUGE, name=jvm.gc.PS-MarkSweep.time, value=427
type=GAUGE, name=jvm.gc.PS-Scavenge.count, value=10
type=GAUGE, name=jvm.gc.PS-Scavenge.time, value=241
type=GAUGE, name=jvm.memory.heap.committed, value=747110400
type=GAUGE, name=jvm.memory.heap.init, value=134217728
type=GAUGE, name=jvm.memory.heap.max, value=1908932608
type=GAUGE, name=jvm.memory.heap.usage, value=0.22032206597415932
type=GAUGE, name=jvm.memory.heap.used, value=420579976
type=GAUGE, name=jvm.memory.non-heap.committed, value=73977856
type=GAUGE, name=jvm.memory.non-heap.init, value=2555904
type=GAUGE, name=jvm.memory.non-heap.max, value=-1
type=GAUGE, name=jvm.memory.non-heap.usage, value=-7.1968048E7
type=GAUGE, name=jvm.memory.non-heap.used, value=71968048
type=GAUGE, name=jvm.memory.pools.Code-Cache.committed, value=19202048
type=GAUGE, name=jvm.memory.pools.Code-Cache.init, value=2555904
type=GAUGE, name=jvm.memory.pools.Code-Cache.max, value=251658240
type=GAUGE, name=jvm.memory.pools.Code-Cache.usage, value=0.07378616333007812
type=GAUGE, name=jvm.memory.pools.Code-Cache.used, value=18568896
type=GAUGE, name=jvm.memory.pools.Compressed-Class-Space.committed, value=6029312
type=GAUGE, name=jvm.memory.pools.Compressed-Class-Space.init, value=0
type=GAUGE, name=jvm.memory.pools.Compressed-Class-Space.max, value=1073741824
type=GAUGE, name=jvm.memory.pools.Compressed-Class-Space.usage, value=0.00534723699092865
type=GAUGE, name=jvm.memory.pools.Compressed-Class-Space.used, value=5741552
type=GAUGE, name=jvm.memory.pools.Metaspace.committed, value=48746496
type=GAUGE, name=jvm.memory.pools.Metaspace.init, value=0
type=GAUGE, name=jvm.memory.pools.Metaspace.max, value=-1
type=GAUGE, name=jvm.memory.pools.Metaspace.usage, value=0.9776620662129233
type=GAUGE, name=jvm.memory.pools.Metaspace.used, value=47657600
type=GAUGE, name=jvm.memory.pools.PS-Eden-Space.committed, value=511705088
type=GAUGE, name=jvm.memory.pools.PS-Eden-Space.init, value=34078720
type=GAUGE, name=jvm.memory.pools.PS-Eden-Space.max, value=627572736
type=GAUGE, name=jvm.memory.pools.PS-Eden-Space.usage, value=0.562739500525402
type=GAUGE, name=jvm.memory.pools.PS-Eden-Space.used, value=353159968
type=GAUGE, name=jvm.memory.pools.PS-Old-Gen.committed, value=192413696
type=GAUGE, name=jvm.memory.pools.PS-Old-Gen.init, value=89653248
type=GAUGE, name=jvm.memory.pools.PS-Old-Gen.max, value=1431830528
type=GAUGE, name=jvm.memory.pools.PS-Old-Gen.usage, value=0.04708658369938038
type=GAUGE, name=jvm.memory.pools.PS-Old-Gen.used, value=67420008
type=GAUGE, name=jvm.memory.pools.PS-Survivor-Space.committed, value=42991616
type=GAUGE, name=jvm.memory.pools.PS-Survivor-Space.init, value=5242880
type=GAUGE, name=jvm.memory.pools.PS-Survivor-Space.max, value=42991616
type=GAUGE, name=jvm.memory.pools.PS-Survivor-Space.usage, value=0.0
type=GAUGE, name=jvm.memory.pools.PS-Survivor-Space.used, value=0
type=GAUGE, name=jvm.memory.total.committed, value=821088256
type=GAUGE, name=jvm.memory.total.init, value=136773632
type=GAUGE, name=jvm.memory.total.max, value=1908932607
type=GAUGE, name=jvm.memory.total.used, value=492548024
type=GAUGE, name=jvm.thread-states.blocked.count, value=0
type=GAUGE, name=jvm.thread-states.count, value=34
type=GAUGE, name=jvm.thread-states.daemon.count, value=22
type=GAUGE, name=jvm.thread-states.deadlock.count, value=0
type=GAUGE, name=jvm.thread-states.deadlocks, value=[]
type=GAUGE, name=jvm.thread-states.new.count, value=0
type=GAUGE, name=jvm.thread-states.runnable.count, value=11
type=GAUGE, name=jvm.thread-states.terminated.count, value=0
type=GAUGE, name=jvm.thread-states.timed_waiting.count, value=16
type=GAUGE, name=jvm.thread-states.waiting.count, value=7
type=METER, name=org.jasig.cas.CentralAuthenticationServiceImpl.CREATE_TICKET_GRANTING_TICKET_METER, count=0, mean_rate=0.0, m1=0.0, m5=0.0, m15=0.0, rate_unit=events/millisecond
type=METER, name=org.jasig.cas.CentralAuthenticationServiceImpl.DESTROY_TICKET_GRANTING_TICKET_METER, count=0, mean_rate=0.0, m1=0.0, m5=0.0, m15=0.0, rate_unit=events/millisecond
type=METER, name=org.jasig.cas.CentralAuthenticationServiceImpl.GET_TICKETS_METER, count=1, mean_rate=0.0, m1=0.0, m5=0.0, m15=0.0, rate_unit=events/millisecond
type=METER, name=org.jasig.cas.CentralAuthenticationServiceImpl.GET_TICKET_METER, count=0, mean_rate=0.0, m1=0.0, m5=0.0, m15=0.0, rate_unit=events/millisecond
type=METER, name=org.jasig.cas.CentralAuthenticationServiceImpl.GRANT_PROXY_GRANTING_TICKET_METER, count=0, mean_rate=0.0, m1=0.0, m5=0.0, m15=0.0, rate_unit=events/millisecond
type=METER, name=org.jasig.cas.CentralAuthenticationServiceImpl.GRANT_SERVICE_TICKET_METER, count=0, mean_rate=0.0, m1=0.0, m5=0.0, m15=0.0, rate_unit=events/millisecond
type=METER, name=org.jasig.cas.CentralAuthenticationServiceImpl.VALIDATE_SERVICE_TICKET_METER, count=0, mean_rate=0.0, m1=0.0, m5=0.0, m15=0.0, rate_unit=events/millisecond
type=TIMER, name=org.jasig.cas.CentralAuthenticationServiceImpl.CREATE_TICKET_GRANTING_TICKET_TIMER, count=0, min=0.0, max=0.0, mean=0.0, stddev=0.0, median=0.0, p75=0.0, p95=0.0, p98=0.0, p99=0.0, p999=0.0, mean_rate=0.0, m1=0.0, m5=0.0, m15=0.0, rate_unit=events/millisecond, duration_unit=milliseconds
type=TIMER, name=org.jasig.cas.CentralAuthenticationServiceImpl.DESTROY_TICKET_GRANTING_TICKET_TIMER, count=0, min=0.0, max=0.0, mean=0.0, stddev=0.0, median=0.0, p75=0.0, p95=0.0, p98=0.0, p99=0.0, p999=0.0, mean_rate=0.0, m1=0.0, m5=0.0, m15=0.0, rate_unit=events/millisecond, duration_unit=milliseconds
type=TIMER, name=org.jasig.cas.CentralAuthenticationServiceImpl.GET_TICKETS_TIMER, count=1, min=0.221651, max=0.221651, mean=0.221651, stddev=0.0, median=0.221651, p75=0.221651, p95=0.221651, p98=0.221651, p99=0.221651, p999=0.221651, mean_rate=0.0, m1=0.0, m5=0.0, m15=0.0, rate_unit=events/millisecond, duration_unit=milliseconds
type=TIMER, name=org.jasig.cas.CentralAuthenticationServiceImpl.GET_TICKET_TIMER, count=0, min=0.0, max=0.0, mean=0.0, stddev=0.0, median=0.0, p75=0.0, p95=0.0, p98=0.0, p99=0.0, p999=0.0, mean_rate=0.0, m1=0.0, m5=0.0, m15=0.0, rate_unit=events/millisecond, duration_unit=milliseconds
type=TIMER, name=org.jasig.cas.CentralAuthenticationServiceImpl.GRANT_PROXY_GRANTING_TICKET_TIMER, count=0, min=0.0, max=0.0, mean=0.0, stddev=0.0, median=0.0, p75=0.0, p95=0.0, p98=0.0, p99=0.0, p999=0.0, mean_rate=0.0, m1=0.0, m5=0.0, m15=0.0, rate_unit=events/millisecond, duration_unit=milliseconds
type=TIMER, name=org.jasig.cas.CentralAuthenticationServiceImpl.GRANT_SERVICE_TICKET_TIMER, count=0, min=0.0, max=0.0, mean=0.0, stddev=0.0, median=0.0, p75=0.0, p95=0.0, p98=0.0, p99=0.0, p999=0.0, mean_rate=0.0, m1=0.0, m5=0.0, m15=0.0, rate_unit=events/millisecond, duration_unit=milliseconds
type=TIMER, name=org.jasig.cas.CentralAuthenticationServiceImpl.VALIDATE_SERVICE_TICKET_TIMER, count=0, min=0.0, max=0.0, mean=0.0, stddev=0.0, median=0.0, p75=0.0, p95=0.0, p98=0.0, p99=0.0, p999=0.0, mean_rate=0.0, m1=0.0, m5=0.0, m15=0.0, rate_unit=events/millisecond, duration_unit=milliseconds
type=GAUGE, name=jvm.fd.usage, value=0.00927734375
type=GAUGE, name=jvm.gc.PS-MarkSweep.count, value=3
type=GAUGE, name=jvm.gc.PS-MarkSweep.time, value=427
type=GAUGE, name=jvm.gc.PS-Scavenge.count, value=10
type=GAUGE, name=jvm.gc.PS-Scavenge.time, value=241
type=GAUGE, name=jvm.memory.heap.committed, value=747110400
type=GAUGE, name=jvm.memory.heap.init, value=134217728
type=GAUGE, name=jvm.memory.heap.max, value=1908932608
type=GAUGE, name=jvm.memory.heap.usage, value=0.22032206597415932
type=GAUGE, name=jvm.memory.heap.used, value=420579976
type=GAUGE, name=jvm.memory.non-heap.committed, value=73977856
type=GAUGE, name=jvm.memory.non-heap.init, value=2555904
type=GAUGE, name=jvm.memory.non-heap.max, value=-1
type=GAUGE, name=jvm.memory.non-heap.usage, value=-7.202152E7
type=GAUGE, name=jvm.memory.non-heap.used, value=72021520
type=GAUGE, name=jvm.memory.pools.Code-Cache.committed, value=19202048
type=GAUGE, name=jvm.memory.pools.Code-Cache.init, value=2555904
type=GAUGE, name=jvm.memory.pools.Code-Cache.max, value=251658240
type=GAUGE, name=jvm.memory.pools.Code-Cache.usage, value=0.07398961385091146
type=GAUGE, name=jvm.memory.pools.Code-Cache.used, value=18620096
type=GAUGE, name=jvm.memory.pools.Compressed-Class-Space.committed, value=6029312
type=GAUGE, name=jvm.memory.pools.Compressed-Class-Space.init, value=0
type=GAUGE, name=jvm.memory.pools.Compressed-Class-Space.max, value=1073741824
type=GAUGE, name=jvm.memory.pools.Compressed-Class-Space.usage, value=0.00534723699092865
type=GAUGE, name=jvm.memory.pools.Compressed-Class-Space.used, value=5741552
type=GAUGE, name=jvm.memory.pools.Metaspace.committed, value=48746496
type=GAUGE, name=jvm.memory.pools.Metaspace.init, value=0
type=GAUGE, name=jvm.memory.pools.Metaspace.max, value=-1
type=GAUGE, name=jvm.memory.pools.Metaspace.usage, value=0.9777086746912024
type=GAUGE, name=jvm.memory.pools.Metaspace.used, value=47659872
type=GAUGE, name=jvm.memory.pools.PS-Eden-Space.committed, value=511705088
type=GAUGE, name=jvm.memory.pools.PS-Eden-Space.init, value=34078720
type=GAUGE, name=jvm.memory.pools.PS-Eden-Space.max, value=627572736
type=GAUGE, name=jvm.memory.pools.PS-Eden-Space.usage, value=0.562739500525402
type=GAUGE, name=jvm.memory.pools.PS-Eden-Space.used, value=353159968
type=GAUGE, name=jvm.memory.pools.PS-Old-Gen.committed, value=192413696
type=GAUGE, name=jvm.memory.pools.PS-Old-Gen.init, value=89653248
type=GAUGE, name=jvm.memory.pools.PS-Old-Gen.max, value=1431830528
type=GAUGE, name=jvm.memory.pools.PS-Old-Gen.usage, value=0.04708658369938038
type=GAUGE, name=jvm.memory.pools.PS-Old-Gen.used, value=67420008
type=GAUGE, name=jvm.memory.pools.PS-Survivor-Space.committed, value=42991616
type=GAUGE, name=jvm.memory.pools.PS-Survivor-Space.init, value=5242880
type=GAUGE, name=jvm.memory.pools.PS-Survivor-Space.max, value=42991616
type=GAUGE, name=jvm.memory.pools.PS-Survivor-Space.usage, value=0.0
type=GAUGE, name=jvm.memory.pools.PS-Survivor-Space.used, value=0
type=GAUGE, name=jvm.memory.total.committed, value=821088256
type=GAUGE, name=jvm.memory.total.init, value=136773632
type=GAUGE, name=jvm.memory.total.max, value=1908932607
type=GAUGE, name=jvm.memory.total.used, value=492601496
type=GAUGE, name=jvm.thread-states.blocked.count, value=0
type=GAUGE, name=jvm.thread-states.count, value=34
type=GAUGE, name=jvm.thread-states.daemon.count, value=22
type=GAUGE, name=jvm.thread-states.deadlock.count, value=0
type=GAUGE, name=jvm.thread-states.deadlocks, value=[]
type=GAUGE, name=jvm.thread-states.new.count, value=0
type=GAUGE, name=jvm.thread-states.runnable.count, value=11
type=GAUGE, name=jvm.thread-states.terminated.count, value=0
type=GAUGE, name=jvm.thread-states.timed_waiting.count, value=16
type=GAUGE, name=jvm.thread-states.waiting.count, value=7
type=METER, name=org.jasig.cas.CentralAuthenticationServiceImpl.CREATE_TICKET_GRANTING_TICKET_METER, count=0, mean_rate=0.0, m1=0.0, m5=0.0, m15=0.0, rate_unit=events/millisecond
type=METER, name=org.jasig.cas.CentralAuthenticationServiceImpl.DESTROY_TICKET_GRANTING_TICKET_METER, count=0, mean_rate=0.0, m1=0.0, m5=0.0, m15=0.0, rate_unit=events/millisecond
type=METER, name=org.jasig.cas.CentralAuthenticationServiceImpl.GET_TICKETS_METER, count=1, mean_rate=0.0, m1=0.0, m5=0.0, m15=0.0, rate_unit=events/millisecond
type=METER, name=org.jasig.cas.CentralAuthenticationServiceImpl.GET_TICKET_METER, count=0, mean_rate=0.0, m1=0.0, m5=0.0, m15=0.0, rate_unit=events/millisecond
type=METER, name=org.jasig.cas.CentralAuthenticationServiceImpl.GRANT_PROXY_GRANTING_TICKET_METER, count=0, mean_rate=0.0, m1=0.0, m5=0.0, m15=0.0, rate_unit=events/millisecond
type=METER, name=org.jasig.cas.CentralAuthenticationServiceImpl.GRANT_SERVICE_TICKET_METER, count=0, mean_rate=0.0, m1=0.0, m5=0.0, m15=0.0, rate_unit=events/millisecond
type=METER, name=org.jasig.cas.CentralAuthenticationServiceImpl.VALIDATE_SERVICE_TICKET_METER, count=0, mean_rate=0.0, m1=0.0, m5=0.0, m15=0.0, rate_unit=events/millisecond
type=TIMER, name=org.jasig.cas.CentralAuthenticationServiceImpl.CREATE_TICKET_GRANTING_TICKET_TIMER, count=0, min=0.0, max=0.0, mean=0.0, stddev=0.0, median=0.0, p75=0.0, p95=0.0, p98=0.0, p99=0.0, p999=0.0, mean_rate=0.0, m1=0.0, m5=0.0, m15=0.0, rate_unit=events/millisecond, duration_unit=milliseconds
type=TIMER, name=org.jasig.cas.CentralAuthenticationServiceImpl.DESTROY_TICKET_GRANTING_TICKET_TIMER, count=0, min=0.0, max=0.0, mean=0.0, stddev=0.0, median=0.0, p75=0.0, p95=0.0, p98=0.0, p99=0.0, p999=0.0, mean_rate=0.0, m1=0.0, m5=0.0, m15=0.0, rate_unit=events/millisecond, duration_unit=milliseconds
type=TIMER, name=org.jasig.cas.CentralAuthenticationServiceImpl.GET_TICKETS_TIMER, count=1, min=0.221651, max=0.221651, mean=0.221651, stddev=0.0, median=0.221651, p75=0.221651, p95=0.221651, p98=0.221651, p99=0.221651, p999=0.221651, mean_rate=0.0, m1=0.0, m5=0.0, m15=0.0, rate_unit=events/millisecond, duration_unit=milliseconds
type=TIMER, name=org.jasig.cas.CentralAuthenticationServiceImpl.GET_TICKET_TIMER, count=0, min=0.0, max=0.0, mean=0.0, stddev=0.0, median=0.0, p75=0.0, p95=0.0, p98=0.0, p99=0.0, p999=0.0, mean_rate=0.0, m1=0.0, m5=0.0, m15=0.0, rate_unit=events/millisecond, duration_unit=milliseconds
type=TIMER, name=org.jasig.cas.CentralAuthenticationServiceImpl.GRANT_PROXY_GRANTING_TICKET_TIMER, count=0, min=0.0, max=0.0, mean=0.0, stddev=0.0, median=0.0, p75=0.0, p95=0.0, p98=0.0, p99=0.0, p999=0.0, mean_rate=0.0, m1=0.0, m5=0.0, m15=0.0, rate_unit=events/millisecond, duration_unit=milliseconds
type=TIMER, name=org.jasig.cas.CentralAuthenticationServiceImpl.GRANT_SERVICE_TICKET_TIMER, count=0, min=0.0, max=0.0, mean=0.0, stddev=0.0, median=0.0, p75=0.0, p95=0.0, p98=0.0, p99=0.0, p999=0.0, mean_rate=0.0, m1=0.0, m5=0.0, m15=0.0, rate_unit=events/millisecond, duration_unit=milliseconds
type=TIMER, name=org.jasig.cas.CentralAuthenticationServiceImpl.VALIDATE_SERVICE_TICKET_TIMER, count=0, min=0.0, max=0.0, mean=0.0, stddev=0.0, median=0.0, p75=0.0, p95=0.0, p98=0.0, p99=0.0, p999=0.0, mean_rate=0.0, m1=0.0, m5=0.0, m15=0.0, rate_unit=events/millisecond, duration_unit=milliseconds
type=GAUGE, name=jvm.fd.usage, value=0.00927734375
type=GAUGE, name=jvm.gc.PS-MarkSweep.count, value=3
type=GAUGE, name=jvm.gc.PS-MarkSweep.time, value=427
type=GAUGE, name=jvm.gc.PS-Scavenge.count, value=10
type=GAUGE, name=jvm.gc.PS-Scavenge.time, value=241
type=GAUGE, name=jvm.memory.heap.committed, value=747110400
type=GAUGE, name=jvm.memory.heap.init, value=134217728
type=GAUGE, name=jvm.memory.heap.max, value=1908932608
type=GAUGE, name=jvm.memory.heap.usage, value=0.22032206597415932
type=GAUGE, name=jvm.memory.heap.used, value=420579976
type=GAUGE, name=jvm.memory.non-heap.committed, value=73977856
type=GAUGE, name=jvm.memory.non-heap.init, value=2555904
type=GAUGE, name=jvm.memory.non-heap.max, value=-1
type=GAUGE, name=jvm.memory.non-heap.usage, value=-7.2024976E7
type=GAUGE, name=jvm.memory.non-heap.used, value=72024976
type=GAUGE, name=jvm.memory.pools.Code-Cache.committed, value=19202048
type=GAUGE, name=jvm.memory.pools.Code-Cache.init, value=2555904
type=GAUGE, name=jvm.memory.pools.Code-Cache.max, value=251658240
type=GAUGE, name=jvm.memory.pools.Code-Cache.usage, value=0.0740033467610677
type=GAUGE, name=jvm.memory.pools.Code-Cache.used, value=18623552
type=GAUGE, name=jvm.memory.pools.Compressed-Class-Space.committed, value=6029312
type=GAUGE, name=jvm.memory.pools.Compressed-Class-Space.init, value=0
type=GAUGE, name=jvm.memory.pools.Compressed-Class-Space.max, value=1073741824
type=GAUGE, name=jvm.memory.pools.Compressed-Class-Space.usage, value=0.00534723699092865
type=GAUGE, name=jvm.memory.pools.Compressed-Class-Space.used, value=5741552
type=GAUGE, name=jvm.memory.pools.Metaspace.committed, value=48746496
type=GAUGE, name=jvm.memory.pools.Metaspace.init, value=0
type=GAUGE, name=jvm.memory.pools.Metaspace.max, value=-1
type=GAUGE, name=jvm.memory.pools.Metaspace.usage, value=0.9777086746912024
type=GAUGE, name=jvm.memory.pools.Metaspace.used, value=47659872
type=GAUGE, name=jvm.memory.pools.PS-Eden-Space.committed, value=511705088
type=GAUGE, name=jvm.memory.pools.PS-Eden-Space.init, value=34078720
type=GAUGE, name=jvm.memory.pools.PS-Eden-Space.max, value=627572736
type=GAUGE, name=jvm.memory.pools.PS-Eden-Space.usage, value=0.562739500525402
type=GAUGE, name=jvm.memory.pools.PS-Eden-Space.used, value=353159968
type=GAUGE, name=jvm.memory.pools.PS-Old-Gen.committed, value=192413696
type=GAUGE, name=jvm.memory.pools.PS-Old-Gen.init, value=89653248
type=GAUGE, name=jvm.memory.pools.PS-Old-Gen.max, value=1431830528
type=GAUGE, name=jvm.memory.pools.PS-Old-Gen.usage, value=0.04708658369938038
type=GAUGE, name=jvm.memory.pools.PS-Old-Gen.used, value=67420008
type=GAUGE, name=jvm.memory.pools.PS-Survivor-Space.committed, value=42991616
type=GAUGE, name=jvm.memory.pools.PS-Survivor-Space.init, value=5242880
type=GAUGE, name=jvm.memory.pools.PS-Survivor-Space.max, value=42991616
type=GAUGE, name=jvm.memory.pools.PS-Survivor-Space.usage, value=0.0
type=GAUGE, name=jvm.memory.pools.PS-Survivor-Space.used, value=0
type=GAUGE, name=jvm.memory.total.committed, value=821088256
type=GAUGE, name=jvm.memory.total.init, value=136773632
type=GAUGE, name=jvm.memory.total.max, value=1908932607
type=GAUGE, name=jvm.memory.total.used, value=492604952
type=GAUGE, name=jvm.thread-states.blocked.count, value=0
type=GAUGE, name=jvm.thread-states.count, value=34
type=GAUGE, name=jvm.thread-states.daemon.count, value=22
type=GAUGE, name=jvm.thread-states.deadlock.count, value=0
type=GAUGE, name=jvm.thread-states.deadlocks, value=[]
type=GAUGE, name=jvm.thread-states.new.count, value=0
type=GAUGE, name=jvm.thread-states.runnable.count, value=11
type=GAUGE, name=jvm.thread-states.terminated.count, value=0
type=GAUGE, name=jvm.thread-states.timed_waiting.count, value=16
type=GAUGE, name=jvm.thread-states.waiting.count, value=7
type=METER, name=org.jasig.cas.CentralAuthenticationServiceImpl.CREATE_TICKET_GRANTING_TICKET_METER, count=0, mean_rate=0.0, m1=0.0, m5=0.0, m15=0.0, rate_unit=events/millisecond
type=METER, name=org.jasig.cas.CentralAuthenticationServiceImpl.DESTROY_TICKET_GRANTING_TICKET_METER, count=0, mean_rate=0.0, m1=0.0, m5=0.0, m15=0.0, rate_unit=events/millisecond
type=METER, name=org.jasig.cas.CentralAuthenticationServiceImpl.GET_TICKETS_METER, count=1, mean_rate=0.0, m1=0.0, m5=0.0, m15=0.0, rate_unit=events/millisecond
type=METER, name=org.jasig.cas.CentralAuthenticationServiceImpl.GET_TICKET_METER, count=0, mean_rate=0.0, m1=0.0, m5=0.0, m15=0.0, rate_unit=events/millisecond
type=METER, name=org.jasig.cas.CentralAuthenticationServiceImpl.GRANT_PROXY_GRANTING_TICKET_METER, count=0, mean_rate=0.0, m1=0.0, m5=0.0, m15=0.0, rate_unit=events/millisecond
type=METER, name=org.jasig.cas.CentralAuthenticationServiceImpl.GRANT_SERVICE_TICKET_METER, count=0, mean_rate=0.0, m1=0.0, m5=0.0, m15=0.0, rate_unit=events/millisecond
type=METER, name=org.jasig.cas.CentralAuthenticationServiceImpl.VALIDATE_SERVICE_TICKET_METER, count=0, mean_rate=0.0, m1=0.0, m5=0.0, m15=0.0, rate_unit=events/millisecond
type=TIMER, name=org.jasig.cas.CentralAuthenticationServiceImpl.CREATE_TICKET_GRANTING_TICKET_TIMER, count=0, min=0.0, max=0.0, mean=0.0, stddev=0.0, median=0.0, p75=0.0, p95=0.0, p98=0.0, p99=0.0, p999=0.0, mean_rate=0.0, m1=0.0, m5=0.0, m15=0.0, rate_unit=events/millisecond, duration_unit=milliseconds
type=TIMER, name=org.jasig.cas.CentralAuthenticationServiceImpl.DESTROY_TICKET_GRANTING_TICKET_TIMER, count=0, min=0.0, max=0.0, mean=0.0, stddev=0.0, median=0.0, p75=0.0, p95=0.0, p98=0.0, p99=0.0, p999=0.0, mean_rate=0.0, m1=0.0, m5=0.0, m15=0.0, rate_unit=events/millisecond, duration_unit=milliseconds
type=TIMER, name=org.jasig.cas.CentralAuthenticationServiceImpl.GET_TICKETS_TIMER, count=1, min=0.221651, max=0.221651, mean=0.221651, stddev=0.0, median=0.221651, p75=0.221651, p95=0.221651, p98=0.221651, p99=0.221651, p999=0.221651, mean_rate=0.0, m1=0.0, m5=0.0, m15=0.0, rate_unit=events/millisecond, duration_unit=milliseconds
type=TIMER, name=org.jasig.cas.CentralAuthenticationServiceImpl.GET_TICKET_TIMER, count=0, min=0.0, max=0.0, mean=0.0, stddev=0.0, median=0.0, p75=0.0, p95=0.0, p98=0.0, p99=0.0, p999=0.0, mean_rate=0.0, m1=0.0, m5=0.0, m15=0.0, rate_unit=events/millisecond, duration_unit=milliseconds
type=TIMER, name=org.jasig.cas.CentralAuthenticationServiceImpl.GRANT_PROXY_GRANTING_TICKET_TIMER, count=0, min=0.0, max=0.0, mean=0.0, stddev=0.0, median=0.0, p75=0.0, p95=0.0, p98=0.0, p99=0.0, p999=0.0, mean_rate=0.0, m1=0.0, m5=0.0, m15=0.0, rate_unit=events/millisecond, duration_unit=milliseconds
type=TIMER, name=org.jasig.cas.CentralAuthenticationServiceImpl.GRANT_SERVICE_TICKET_TIMER, count=0, min=0.0, max=0.0, mean=0.0, stddev=0.0, median=0.0, p75=0.0, p95=0.0, p98=0.0, p99=0.0, p999=0.0, mean_rate=0.0, m1=0.0, m5=0.0, m15=0.0, rate_unit=events/millisecond, duration_unit=milliseconds
type=TIMER, name=org.jasig.cas.CentralAuthenticationServiceImpl.VALIDATE_SERVICE_TICKET_TIMER, count=0, min=0.0, max=0.0, mean=0.0, stddev=0.0, median=0.0, p75=0.0, p95=0.0, p98=0.0, p99=0.0, p999=0.0, mean_rate=0.0, m1=0.0, m5=0.0, m15=0.0, rate_unit=events/millisecond, duration_unit=milliseconds
type=GAUGE, name=jvm.fd.usage, value=0.00927734375
type=GAUGE, name=jvm.gc.PS-MarkSweep.count, value=3
type=GAUGE, name=jvm.gc.PS-MarkSweep.time, value=427
type=GAUGE, name=jvm.gc.PS-Scavenge.count, value=10
type=GAUGE, name=jvm.gc.PS-Scavenge.time, value=241
type=GAUGE, name=jvm.memory.heap.committed, value=747110400
type=GAUGE, name=jvm.memory.heap.init, value=134217728
type=GAUGE, name=jvm.memory.heap.max, value=1908932608
type=GAUGE, name=jvm.memory.heap.usage, value=0.22032206597415932
type=GAUGE, name=jvm.memory.heap.used, value=420579976
type=GAUGE, name=jvm.memory.non-heap.committed, value=73977856
type=GAUGE, name=jvm.memory.non-heap.init, value=2555904
type=GAUGE, name=jvm.memory.non-heap.max, value=-1
type=GAUGE, name=jvm.memory.non-heap.usage, value=-7.2031512E7
type=GAUGE, name=jvm.memory.non-heap.used, value=72031512
type=GAUGE, name=jvm.memory.pools.Code-Cache.committed, value=19202048
type=GAUGE, name=jvm.memory.pools.Code-Cache.init, value=2555904
type=GAUGE, name=jvm.memory.pools.Code-Cache.max, value=251658240
type=GAUGE, name=jvm.memory.pools.Code-Cache.usage, value=0.07402750651041666
type=GAUGE, name=jvm.memory.pools.Code-Cache.used, value=18629632
type=GAUGE, name=jvm.memory.pools.Compressed-Class-Space.committed, value=6029312
type=GAUGE, name=jvm.memory.pools.Compressed-Class-Space.init, value=0
type=GAUGE, name=jvm.memory.pools.Compressed-Class-Space.max, value=1073741824
type=GAUGE, name=jvm.memory.pools.Compressed-Class-Space.usage, value=0.00534723699092865
type=GAUGE, name=jvm.memory.pools.Compressed-Class-Space.used, value=5741552
type=GAUGE, name=jvm.memory.pools.Metaspace.committed, value=48746496
type=GAUGE, name=jvm.memory.pools.Metaspace.init, value=0
type=GAUGE, name=jvm.memory.pools.Metaspace.max, value=-1
type=GAUGE, name=jvm.memory.pools.Metaspace.usage, value=0.9777180292097303
type=GAUGE, name=jvm.memory.pools.Metaspace.used, value=47660328
type=GAUGE, name=jvm.memory.pools.PS-Eden-Space.committed, value=511705088
type=GAUGE, name=jvm.memory.pools.PS-Eden-Space.init, value=34078720
type=GAUGE, name=jvm.memory.pools.PS-Eden-Space.max, value=627572736
type=GAUGE, name=jvm.memory.pools.PS-Eden-Space.usage, value=0.562739500525402
type=GAUGE, name=jvm.memory.pools.PS-Eden-Space.used, value=353159968
type=GAUGE, name=jvm.memory.pools.PS-Old-Gen.committed, value=192413696
type=GAUGE, name=jvm.memory.pools.PS-Old-Gen.init, value=89653248
type=GAUGE, name=jvm.memory.pools.PS-Old-Gen.max, value=1431830528
type=GAUGE, name=jvm.memory.pools.PS-Old-Gen.usage, value=0.04708658369938038
type=GAUGE, name=jvm.memory.pools.PS-Old-Gen.used, value=67420008
type=GAUGE, name=jvm.memory.pools.PS-Survivor-Space.committed, value=42991616
type=GAUGE, name=jvm.memory.pools.PS-Survivor-Space.init, value=5242880
type=GAUGE, name=jvm.memory.pools.PS-Survivor-Space.max, value=42991616
type=GAUGE, name=jvm.memory.pools.PS-Survivor-Space.usage, value=0.0
type=GAUGE, name=jvm.memory.pools.PS-Survivor-Space.used, value=0
type=GAUGE, name=jvm.memory.total.committed, value=821088256
type=GAUGE, name=jvm.memory.total.init, value=136773632
type=GAUGE, name=jvm.memory.total.max, value=1908932607
type=GAUGE, name=jvm.memory.total.used, value=492611488
type=GAUGE, name=jvm.thread-states.blocked.count, value=0
type=GAUGE, name=jvm.thread-states.count, value=34
type=GAUGE, name=jvm.thread-states.daemon.count, value=22
type=GAUGE, name=jvm.thread-states.deadlock.count, value=0
type=GAUGE, name=jvm.thread-states.deadlocks, value=[]
type=GAUGE, name=jvm.thread-states.new.count, value=0
type=GAUGE, name=jvm.thread-states.runnable.count, value=11
type=GAUGE, name=jvm.thread-states.terminated.count, value=0
type=GAUGE, name=jvm.thread-states.timed_waiting.count, value=16
type=GAUGE, name=jvm.thread-states.waiting.count, value=7
type=METER, name=org.jasig.cas.CentralAuthenticationServiceImpl.CREATE_TICKET_GRANTING_TICKET_METER, count=0, mean_rate=0.0, m1=0.0, m5=0.0, m15=0.0, rate_unit=events/millisecond
type=METER, name=org.jasig.cas.CentralAuthenticationServiceImpl.DESTROY_TICKET_GRANTING_TICKET_METER, count=0, mean_rate=0.0, m1=0.0, m5=0.0, m15=0.0, rate_unit=events/millisecond
type=METER, name=org.jasig.cas.CentralAuthenticationServiceImpl.GET_TICKETS_METER, count=1, mean_rate=0.0, m1=0.0, m5=0.0, m15=0.0, rate_unit=events/millisecond
type=METER, name=org.jasig.cas.CentralAuthenticationServiceImpl.GET_TICKET_METER, count=0, mean_rate=0.0, m1=0.0, m5=0.0, m15=0.0, rate_unit=events/millisecond
type=METER, name=org.jasig.cas.CentralAuthenticationServiceImpl.GRANT_PROXY_GRANTING_TICKET_METER, count=0, mean_rate=0.0, m1=0.0, m5=0.0, m15=0.0, rate_unit=events/millisecond
type=METER, name=org.jasig.cas.CentralAuthenticationServiceImpl.GRANT_SERVICE_TICKET_METER, count=0, mean_rate=0.0, m1=0.0, m5=0.0, m15=0.0, rate_unit=events/millisecond
type=METER, name=org.jasig.cas.CentralAuthenticationServiceImpl.VALIDATE_SERVICE_TICKET_METER, count=0, mean_rate=0.0, m1=0.0, m5=0.0, m15=0.0, rate_unit=events/millisecond
type=TIMER, name=org.jasig.cas.CentralAuthenticationServiceImpl.CREATE_TICKET_GRANTING_TICKET_TIMER, count=0, min=0.0, max=0.0, mean=0.0, stddev=0.0, median=0.0, p75=0.0, p95=0.0, p98=0.0, p99=0.0, p999=0.0, mean_rate=0.0, m1=0.0, m5=0.0, m15=0.0, rate_unit=events/millisecond, duration_unit=milliseconds
type=TIMER, name=org.jasig.cas.CentralAuthenticationServiceImpl.DESTROY_TICKET_GRANTING_TICKET_TIMER, count=0, min=0.0, max=0.0, mean=0.0, stddev=0.0, median=0.0, p75=0.0, p95=0.0, p98=0.0, p99=0.0, p999=0.0, mean_rate=0.0, m1=0.0, m5=0.0, m15=0.0, rate_unit=events/millisecond, duration_unit=milliseconds
type=TIMER, name=org.jasig.cas.CentralAuthenticationServiceImpl.GET_TICKETS_TIMER, count=1, min=0.221651, max=0.221651, mean=0.221651, stddev=0.0, median=0.221651, p75=0.221651, p95=0.221651, p98=0.221651, p99=0.221651, p999=0.221651, mean_rate=0.0, m1=0.0, m5=0.0, m15=0.0, rate_unit=events/millisecond, duration_unit=milliseconds
type=TIMER, name=org.jasig.cas.CentralAuthenticationServiceImpl.GET_TICKET_TIMER, count=0, min=0.0, max=0.0, mean=0.0, stddev=0.0, median=0.0, p75=0.0, p95=0.0, p98=0.0, p99=0.0, p999=0.0, mean_rate=0.0, m1=0.0, m5=0.0, m15=0.0, rate_unit=events/millisecond, duration_unit=milliseconds
type=TIMER, name=org.jasig.cas.CentralAuthenticationServiceImpl.GRANT_PROXY_GRANTING_TICKET_TIMER, count=0, min=0.0, max=0.0, mean=0.0, stddev=0.0, median=0.0, p75=0.0, p95=0.0, p98=0.0, p99=0.0, p999=0.0, mean_rate=0.0, m1=0.0, m5=0.0, m15=0.0, rate_unit=events/millisecond, duration_unit=milliseconds
type=TIMER, name=org.jasig.cas.CentralAuthenticationServiceImpl.GRANT_SERVICE_TICKET_TIMER, count=0, min=0.0, max=0.0, mean=0.0, stddev=0.0, median=0.0, p75=0.0, p95=0.0, p98=0.0, p99=0.0, p999=0.0, mean_rate=0.0, m1=0.0, m5=0.0, m15=0.0, rate_unit=events/millisecond, duration_unit=milliseconds
type=TIMER, name=org.jasig.cas.CentralAuthenticationServiceImpl.VALIDATE_SERVICE_TICKET_TIMER, count=0, min=0.0, max=0.0, mean=0.0, stddev=0.0, median=0.0, p75=0.0, p95=0.0, p98=0.0, p99=0.0, p999=0.0, mean_rate=0.0, m1=0.0, m5=0.0, m15=0.0, rate_unit=events/millisecond, duration_unit=milliseconds
