type=GAUGE, name=jvm.fd.usage, value=0.00986328125
type=GAUGE, name=jvm.gc.PS-MarkSweep.count, value=2
type=GAUGE, name=jvm.gc.PS-MarkSweep.time, value=235
type=GAUGE, name=jvm.gc.PS-Scavenge.count, value=12
type=GAUGE, name=jvm.gc.PS-Scavenge.time, value=312
type=GAUGE, name=jvm.memory.heap.committed, value=762839040
type=GAUGE, name=jvm.memory.heap.init, value=134217728
type=GAUGE, name=jvm.memory.heap.max, value=1908932608
type=GAUGE, name=jvm.memory.heap.usage, value=0.3022648099686084
type=GAUGE, name=jvm.memory.heap.used, value=577003152
type=GAUGE, name=jvm.memory.non-heap.committed, value=73031680
type=GAUGE, name=jvm.memory.non-heap.init, value=2555904
type=GAUGE, name=jvm.memory.non-heap.max, value=-1
type=GAUGE, name=jvm.memory.non-heap.usage, value=-7.026956E7
type=GAUGE, name=jvm.memory.non-heap.used, value=70273144
type=GAUGE, name=jvm.memory.pools.Code-Cache.committed, value=18677760
type=GAUGE, name=jvm.memory.pools.Code-Cache.init, value=2555904
type=GAUGE, name=jvm.memory.pools.Code-Cache.max, value=251658240
type=GAUGE, name=jvm.memory.pools.Code-Cache.usage, value=0.06947733561197916
type=GAUGE, name=jvm.memory.pools.Code-Cache.used, value=17484544
type=GAUGE, name=jvm.memory.pools.Compressed-Class-Space.committed, value=6078464
type=GAUGE, name=jvm.memory.pools.Compressed-Class-Space.init, value=0
type=GAUGE, name=jvm.memory.pools.Compressed-Class-Space.max, value=1073741824
type=GAUGE, name=jvm.memory.pools.Compressed-Class-Space.usage, value=0.005329422652721405
type=GAUGE, name=jvm.memory.pools.Compressed-Class-Space.used, value=5722424
type=GAUGE, name=jvm.memory.pools.Metaspace.committed, value=48275456
type=GAUGE, name=jvm.memory.pools.Metaspace.init, value=0
type=GAUGE, name=jvm.memory.pools.Metaspace.max, value=-1
type=GAUGE, name=jvm.memory.pools.Metaspace.usage, value=0.9750302928262345
type=GAUGE, name=jvm.memory.pools.Metaspace.used, value=47070032
type=GAUGE, name=jvm.memory.pools.PS-Eden-Space.committed, value=590348288
type=GAUGE, name=jvm.memory.pools.PS-Eden-Space.init, value=34078720
type=GAUGE, name=jvm.memory.pools.PS-Eden-Space.max, value=630718464
type=GAUGE, name=jvm.memory.pools.PS-Eden-Space.usage, value=0.8318937686910653
type=GAUGE, name=jvm.memory.pools.PS-Eden-Space.used, value=524690760
type=GAUGE, name=jvm.memory.pools.PS-Old-Gen.committed, value=130547712
type=GAUGE, name=jvm.memory.pools.PS-Old-Gen.init, value=89653248
type=GAUGE, name=jvm.memory.pools.PS-Old-Gen.max, value=1431830528
type=GAUGE, name=jvm.memory.pools.PS-Old-Gen.usage, value=0.03653532382290427
type=GAUGE, name=jvm.memory.pools.PS-Old-Gen.used, value=52312392
type=GAUGE, name=jvm.memory.pools.PS-Survivor-Space.committed, value=41943040
type=GAUGE, name=jvm.memory.pools.PS-Survivor-Space.init, value=5242880
type=GAUGE, name=jvm.memory.pools.PS-Survivor-Space.max, value=41943040
type=GAUGE, name=jvm.memory.pools.PS-Survivor-Space.usage, value=0.0
type=GAUGE, name=jvm.memory.pools.PS-Survivor-Space.used, value=0
type=GAUGE, name=jvm.memory.total.committed, value=835870720
type=GAUGE, name=jvm.memory.total.init, value=136773632
type=GAUGE, name=jvm.memory.total.max, value=1908932607
type=GAUGE, name=jvm.memory.total.used, value=647287008
type=GAUGE, name=jvm.thread-states.blocked.count, value=0
type=GAUGE, name=jvm.thread-states.count, value=34
type=GAUGE, name=jvm.thread-states.daemon.count, value=22
type=GAUGE, name=jvm.thread-states.deadlock.count, value=0
type=GAUGE, name=jvm.thread-states.deadlocks, value=[]
type=GAUGE, name=jvm.thread-states.new.count, value=0
type=GAUGE, name=jvm.thread-states.runnable.count, value=11
type=GAUGE, name=jvm.thread-states.terminated.count, value=0
type=GAUGE, name=jvm.thread-states.timed_waiting.count, value=16
type=GAUGE, name=jvm.thread-states.waiting.count, value=7
type=METER, name=org.jasig.cas.CentralAuthenticationServiceImpl.CREATE_TICKET_GRANTING_TICKET_METER, count=0, mean_rate=0.0, m1=0.0, m5=0.0, m15=0.0, rate_unit=events/millisecond
type=METER, name=org.jasig.cas.CentralAuthenticationServiceImpl.DESTROY_TICKET_GRANTING_TICKET_METER, count=0, mean_rate=0.0, m1=0.0, m5=0.0, m15=0.0, rate_unit=events/millisecond
type=METER, name=org.jasig.cas.CentralAuthenticationServiceImpl.GET_TICKETS_METER, count=1, mean_rate=0.0, m1=0.0, m5=0.0, m15=0.0, rate_unit=events/millisecond
type=METER, name=org.jasig.cas.CentralAuthenticationServiceImpl.GET_TICKET_METER, count=0, mean_rate=0.0, m1=0.0, m5=0.0, m15=0.0, rate_unit=events/millisecond
type=METER, name=org.jasig.cas.CentralAuthenticationServiceImpl.GRANT_PROXY_GRANTING_TICKET_METER, count=0, mean_rate=0.0, m1=0.0, m5=0.0, m15=0.0, rate_unit=events/millisecond
type=METER, name=org.jasig.cas.CentralAuthenticationServiceImpl.GRANT_SERVICE_TICKET_METER, count=0, mean_rate=0.0, m1=0.0, m5=0.0, m15=0.0, rate_unit=events/millisecond
type=METER, name=org.jasig.cas.CentralAuthenticationServiceImpl.VALIDATE_SERVICE_TICKET_METER, count=0, mean_rate=0.0, m1=0.0, m5=0.0, m15=0.0, rate_unit=events/millisecond
type=TIMER, name=org.jasig.cas.CentralAuthenticationServiceImpl.CREATE_TICKET_GRANTING_TICKET_TIMER, count=0, min=0.0, max=0.0, mean=0.0, stddev=0.0, median=0.0, p75=0.0, p95=0.0, p98=0.0, p99=0.0, p999=0.0, mean_rate=0.0, m1=0.0, m5=0.0, m15=0.0, rate_unit=events/millisecond, duration_unit=milliseconds
type=TIMER, name=org.jasig.cas.CentralAuthenticationServiceImpl.DESTROY_TICKET_GRANTING_TICKET_TIMER, count=0, min=0.0, max=0.0, mean=0.0, stddev=0.0, median=0.0, p75=0.0, p95=0.0, p98=0.0, p99=0.0, p999=0.0, mean_rate=0.0, m1=0.0, m5=0.0, m15=0.0, rate_unit=events/millisecond, duration_unit=milliseconds
type=TIMER, name=org.jasig.cas.CentralAuthenticationServiceImpl.GET_TICKETS_TIMER, count=1, min=0.22636399999999998, max=0.22636399999999998, mean=0.22636399999999998, stddev=0.0, median=0.22636399999999998, p75=0.22636399999999998, p95=0.22636399999999998, p98=0.22636399999999998, p99=0.22636399999999998, p999=0.22636399999999998, mean_rate=0.0, m1=0.0, m5=0.0, m15=0.0, rate_unit=events/millisecond, duration_unit=milliseconds
type=TIMER, name=org.jasig.cas.CentralAuthenticationServiceImpl.GET_TICKET_TIMER, count=0, min=0.0, max=0.0, mean=0.0, stddev=0.0, median=0.0, p75=0.0, p95=0.0, p98=0.0, p99=0.0, p999=0.0, mean_rate=0.0, m1=0.0, m5=0.0, m15=0.0, rate_unit=events/millisecond, duration_unit=milliseconds
type=TIMER, name=org.jasig.cas.CentralAuthenticationServiceImpl.GRANT_PROXY_GRANTING_TICKET_TIMER, count=0, min=0.0, max=0.0, mean=0.0, stddev=0.0, median=0.0, p75=0.0, p95=0.0, p98=0.0, p99=0.0, p999=0.0, mean_rate=0.0, m1=0.0, m5=0.0, m15=0.0, rate_unit=events/millisecond, duration_unit=milliseconds
type=TIMER, name=org.jasig.cas.CentralAuthenticationServiceImpl.GRANT_SERVICE_TICKET_TIMER, count=0, min=0.0, max=0.0, mean=0.0, stddev=0.0, median=0.0, p75=0.0, p95=0.0, p98=0.0, p99=0.0, p999=0.0, mean_rate=0.0, m1=0.0, m5=0.0, m15=0.0, rate_unit=events/millisecond, duration_unit=milliseconds
type=TIMER, name=org.jasig.cas.CentralAuthenticationServiceImpl.VALIDATE_SERVICE_TICKET_TIMER, count=0, min=0.0, max=0.0, mean=0.0, stddev=0.0, median=0.0, p75=0.0, p95=0.0, p98=0.0, p99=0.0, p999=0.0, mean_rate=0.0, m1=0.0, m5=0.0, m15=0.0, rate_unit=events/millisecond, duration_unit=milliseconds
type=GAUGE, name=jvm.fd.usage, value=0.009765625
type=GAUGE, name=jvm.gc.PS-MarkSweep.count, value=2
type=GAUGE, name=jvm.gc.PS-MarkSweep.time, value=235
type=GAUGE, name=jvm.gc.PS-Scavenge.count, value=12
type=GAUGE, name=jvm.gc.PS-Scavenge.time, value=312
type=GAUGE, name=jvm.memory.heap.committed, value=762839040
type=GAUGE, name=jvm.memory.heap.init, value=134217728
type=GAUGE, name=jvm.memory.heap.max, value=1908932608
type=GAUGE, name=jvm.memory.heap.usage, value=0.3022648099686084
type=GAUGE, name=jvm.memory.heap.used, value=577003152
type=GAUGE, name=jvm.memory.non-heap.committed, value=73031680
type=GAUGE, name=jvm.memory.non-heap.init, value=2555904
type=GAUGE, name=jvm.memory.non-heap.max, value=-1
type=GAUGE, name=jvm.memory.non-heap.usage, value=-7.0451328E7
type=GAUGE, name=jvm.memory.non-heap.used, value=70451328
type=GAUGE, name=jvm.memory.pools.Code-Cache.committed, value=18677760
type=GAUGE, name=jvm.memory.pools.Code-Cache.init, value=2555904
type=GAUGE, name=jvm.memory.pools.Code-Cache.max, value=251658240
type=GAUGE, name=jvm.memory.pools.Code-Cache.usage, value=0.06992390950520834
type=GAUGE, name=jvm.memory.pools.Code-Cache.used, value=17596928
type=GAUGE, name=jvm.memory.pools.Compressed-Class-Space.committed, value=6078464
type=GAUGE, name=jvm.memory.pools.Compressed-Class-Space.init, value=0
type=GAUGE, name=jvm.memory.pools.Compressed-Class-Space.max, value=1073741824
type=GAUGE, name=jvm.memory.pools.Compressed-Class-Space.usage, value=0.005331568419933319
type=GAUGE, name=jvm.memory.pools.Compressed-Class-Space.used, value=5724728
type=GAUGE, name=jvm.memory.pools.Metaspace.committed, value=48275456
type=GAUGE, name=jvm.memory.pools.Metaspace.init, value=0
type=GAUGE, name=jvm.memory.pools.Metaspace.max, value=-1
type=GAUGE, name=jvm.memory.pools.Metaspace.usage, value=0.9763197265293568
type=GAUGE, name=jvm.memory.pools.Metaspace.used, value=47132280
type=GAUGE, name=jvm.memory.pools.PS-Eden-Space.committed, value=590348288
type=GAUGE, name=jvm.memory.pools.PS-Eden-Space.init, value=34078720
type=GAUGE, name=jvm.memory.pools.PS-Eden-Space.max, value=630718464
type=GAUGE, name=jvm.memory.pools.PS-Eden-Space.usage, value=0.8318937686910653
type=GAUGE, name=jvm.memory.pools.PS-Eden-Space.used, value=524690760
type=GAUGE, name=jvm.memory.pools.PS-Old-Gen.committed, value=130547712
type=GAUGE, name=jvm.memory.pools.PS-Old-Gen.init, value=89653248
type=GAUGE, name=jvm.memory.pools.PS-Old-Gen.max, value=1431830528
type=GAUGE, name=jvm.memory.pools.PS-Old-Gen.usage, value=0.03653532382290427
type=GAUGE, name=jvm.memory.pools.PS-Old-Gen.used, value=52312392
type=GAUGE, name=jvm.memory.pools.PS-Survivor-Space.committed, value=41943040
type=GAUGE, name=jvm.memory.pools.PS-Survivor-Space.init, value=5242880
type=GAUGE, name=jvm.memory.pools.PS-Survivor-Space.max, value=41943040
type=GAUGE, name=jvm.memory.pools.PS-Survivor-Space.usage, value=0.0
type=GAUGE, name=jvm.memory.pools.PS-Survivor-Space.used, value=0
type=GAUGE, name=jvm.memory.total.committed, value=835870720
type=GAUGE, name=jvm.memory.total.init, value=136773632
type=GAUGE, name=jvm.memory.total.max, value=1908932607
type=GAUGE, name=jvm.memory.total.used, value=647469984
type=GAUGE, name=jvm.thread-states.blocked.count, value=0
type=GAUGE, name=jvm.thread-states.count, value=34
type=GAUGE, name=jvm.thread-states.daemon.count, value=22
type=GAUGE, name=jvm.thread-states.deadlock.count, value=0
type=GAUGE, name=jvm.thread-states.deadlocks, value=[]
type=GAUGE, name=jvm.thread-states.new.count, value=0
type=GAUGE, name=jvm.thread-states.runnable.count, value=11
type=GAUGE, name=jvm.thread-states.terminated.count, value=0
type=GAUGE, name=jvm.thread-states.timed_waiting.count, value=16
type=GAUGE, name=jvm.thread-states.waiting.count, value=7
type=METER, name=org.jasig.cas.CentralAuthenticationServiceImpl.CREATE_TICKET_GRANTING_TICKET_METER, count=0, mean_rate=0.0, m1=0.0, m5=0.0, m15=0.0, rate_unit=events/millisecond
type=METER, name=org.jasig.cas.CentralAuthenticationServiceImpl.DESTROY_TICKET_GRANTING_TICKET_METER, count=0, mean_rate=0.0, m1=0.0, m5=0.0, m15=0.0, rate_unit=events/millisecond
type=METER, name=org.jasig.cas.CentralAuthenticationServiceImpl.GET_TICKETS_METER, count=1, mean_rate=0.0, m1=0.0, m5=0.0, m15=0.0, rate_unit=events/millisecond
type=METER, name=org.jasig.cas.CentralAuthenticationServiceImpl.GET_TICKET_METER, count=0, mean_rate=0.0, m1=0.0, m5=0.0, m15=0.0, rate_unit=events/millisecond
type=METER, name=org.jasig.cas.CentralAuthenticationServiceImpl.GRANT_PROXY_GRANTING_TICKET_METER, count=0, mean_rate=0.0, m1=0.0, m5=0.0, m15=0.0, rate_unit=events/millisecond
type=METER, name=org.jasig.cas.CentralAuthenticationServiceImpl.GRANT_SERVICE_TICKET_METER, count=0, mean_rate=0.0, m1=0.0, m5=0.0, m15=0.0, rate_unit=events/millisecond
type=METER, name=org.jasig.cas.CentralAuthenticationServiceImpl.VALIDATE_SERVICE_TICKET_METER, count=0, mean_rate=0.0, m1=0.0, m5=0.0, m15=0.0, rate_unit=events/millisecond
type=TIMER, name=org.jasig.cas.CentralAuthenticationServiceImpl.CREATE_TICKET_GRANTING_TICKET_TIMER, count=0, min=0.0, max=0.0, mean=0.0, stddev=0.0, median=0.0, p75=0.0, p95=0.0, p98=0.0, p99=0.0, p999=0.0, mean_rate=0.0, m1=0.0, m5=0.0, m15=0.0, rate_unit=events/millisecond, duration_unit=milliseconds
type=TIMER, name=org.jasig.cas.CentralAuthenticationServiceImpl.DESTROY_TICKET_GRANTING_TICKET_TIMER, count=0, min=0.0, max=0.0, mean=0.0, stddev=0.0, median=0.0, p75=0.0, p95=0.0, p98=0.0, p99=0.0, p999=0.0, mean_rate=0.0, m1=0.0, m5=0.0, m15=0.0, rate_unit=events/millisecond, duration_unit=milliseconds
type=TIMER, name=org.jasig.cas.CentralAuthenticationServiceImpl.GET_TICKETS_TIMER, count=1, min=0.22636399999999998, max=0.22636399999999998, mean=0.22636399999999998, stddev=0.0, median=0.22636399999999998, p75=0.22636399999999998, p95=0.22636399999999998, p98=0.22636399999999998, p99=0.22636399999999998, p999=0.22636399999999998, mean_rate=0.0, m1=0.0, m5=0.0, m15=0.0, rate_unit=events/millisecond, duration_unit=milliseconds
type=TIMER, name=org.jasig.cas.CentralAuthenticationServiceImpl.GET_TICKET_TIMER, count=0, min=0.0, max=0.0, mean=0.0, stddev=0.0, median=0.0, p75=0.0, p95=0.0, p98=0.0, p99=0.0, p999=0.0, mean_rate=0.0, m1=0.0, m5=0.0, m15=0.0, rate_unit=events/millisecond, duration_unit=milliseconds
type=TIMER, name=org.jasig.cas.CentralAuthenticationServiceImpl.GRANT_PROXY_GRANTING_TICKET_TIMER, count=0, min=0.0, max=0.0, mean=0.0, stddev=0.0, median=0.0, p75=0.0, p95=0.0, p98=0.0, p99=0.0, p999=0.0, mean_rate=0.0, m1=0.0, m5=0.0, m15=0.0, rate_unit=events/millisecond, duration_unit=milliseconds
type=TIMER, name=org.jasig.cas.CentralAuthenticationServiceImpl.GRANT_SERVICE_TICKET_TIMER, count=0, min=0.0, max=0.0, mean=0.0, stddev=0.0, median=0.0, p75=0.0, p95=0.0, p98=0.0, p99=0.0, p999=0.0, mean_rate=0.0, m1=0.0, m5=0.0, m15=0.0, rate_unit=events/millisecond, duration_unit=milliseconds
type=TIMER, name=org.jasig.cas.CentralAuthenticationServiceImpl.VALIDATE_SERVICE_TICKET_TIMER, count=0, min=0.0, max=0.0, mean=0.0, stddev=0.0, median=0.0, p75=0.0, p95=0.0, p98=0.0, p99=0.0, p999=0.0, mean_rate=0.0, m1=0.0, m5=0.0, m15=0.0, rate_unit=events/millisecond, duration_unit=milliseconds
